#
# There is insufficient memory for the Java Runtime Environment to continue.
# Native memory allocation (mmap) failed to map 65536 bytes for Failed to commit metaspace.
# Possible reasons:
#   The system is out of physical RAM or swap space
#   The process is running with CompressedOops enabled, and the Java Heap may be blocking the growth of the native heap
# Possible solutions:
#   Reduce memory load on the system
#   Increase physical memory or swap space
#   Check if swap backing store is full
#   Decrease Java heap size (-Xmx/-Xms)
#   Decrease number of Java threads
#   Decrease Java thread stack sizes (-Xss)
#   Set larger code cache with -XX:ReservedCodeCacheSize=
#   JVM is running with Unscaled Compressed Oops mode in which the Java heap is
#     placed in the first 4GB address space. The Java Heap base address is the
#     maximum limit for the native heap growth. Please use -XX:HeapBaseMinAddress
#     to set the Java Heap base and to place the Java Heap above 4GB virtual address.
# This output file may be truncated or incomplete.
#
#  Out of Memory Error (virtualSpaceNode.cpp:110), pid=13300, tid=224
#
# JRE version: OpenJDK Runtime Environment Temurin-17.0.9+9 (17.0.9+9) (build 17.0.9+9)
# Java VM: OpenJDK 64-Bit Server VM Temurin-17.0.9+9 (17.0.9+9, mixed mode, tiered, compressed oops, compressed class ptrs, g1 gc, windows-amd64)
# No core dump will be written. Minidumps are not enabled by default on client versions of Windows
#

---------------  S U M M A R Y ------------

Command Line: -Dfile.encoding=UTF-8 -Dstdout.encoding=UTF-8 -Dstderr.encoding=UTF-8 -XX:+ShowCodeDetailsInExceptionMessages work_admin.WorkApp

Host: Intel(R) Core(TM) i5-7500 CPU @ 3.40GHz, 4 cores, 7G,  Windows 10 , 64 bit Build 19041 (10.0.19041.3636)
Time: Thu Feb  1 14:46:04 2024  Windows 10 , 64 bit Build 19041 (10.0.19041.3636) elapsed time: 5.373073 seconds (0d 0h 0m 5s)

---------------  T H R E A D  ---------------

Current thread (0x00000202b6a4a050):  JavaThread "main" [_thread_in_vm, id=224, stack(0x0000002252c00000,0x0000002252d00000)]

Stack: [0x0000002252c00000,0x0000002252d00000]
Native frames: (J=compiled Java code, j=interpreted, Vv=VM code, C=native code)
V  [jvm.dll+0x67cf49]
V  [jvm.dll+0x83478a]
V  [jvm.dll+0x83624e]
V  [jvm.dll+0x8368b3]
V  [jvm.dll+0x247f1f]
V  [jvm.dll+0x83044b]
V  [jvm.dll+0x621776]
V  [jvm.dll+0x6217da]
V  [jvm.dll+0x62400a]
V  [jvm.dll+0x622116]
V  [jvm.dll+0x23d880]
V  [jvm.dll+0x1eca2b]
V  [jvm.dll+0x1e23d1]
V  [jvm.dll+0x54305e]
V  [jvm.dll+0x1f2e27]
V  [jvm.dll+0x7adb8b]
V  [jvm.dll+0x7aef5c]
V  [jvm.dll+0x7af2a8]
V  [jvm.dll+0x2401ee]
V  [jvm.dll+0x382e4e]
C  0x00000202c166b5a5

The last pc belongs to new (printed below).
Java frames: (J=compiled Java code, j=interpreted, Vv=VM code)
j  sun.net.www.protocol.file.Handler.createFileURLConnection(Ljava/net/URL;Ljava/io/File;)Ljava/net/URLConnection;+0 java.base@17.0.9
j  sun.net.www.protocol.file.Handler.openConnection(Ljava/net/URL;Ljava/net/Proxy;)Ljava/net/URLConnection;+79 java.base@17.0.9
j  sun.net.www.protocol.file.Handler.openConnection(Ljava/net/URL;)Ljava/net/URLConnection;+3 java.base@17.0.9
j  java.net.URL.openConnection()Ljava/net/URLConnection;+5 java.base@17.0.9
j  sun.net.www.protocol.jar.JarURLConnection.<init>(Ljava/net/URL;Lsun/net/www/protocol/jar/Handler;)V+18 java.base@17.0.9
j  sun.net.www.protocol.jar.Handler.openConnection(Ljava/net/URL;)Ljava/net/URLConnection;+6 java.base@17.0.9
j  java.net.URL.openConnection()Ljava/net/URLConnection;+5 java.base@17.0.9
j  java.util.ServiceLoader$LazyClassPathLookupIterator.parse(Ljava/net/URL;)Ljava/util/Iterator;+9 java.base@17.0.9
j  java.util.ServiceLoader$LazyClassPathLookupIterator.nextProviderClass()Ljava/lang/Class;+176 java.base@17.0.9
j  java.util.ServiceLoader$LazyClassPathLookupIterator.hasNextService()Z+15 java.base@17.0.9
j  java.util.ServiceLoader$LazyClassPathLookupIterator.hasNext()Z+11 java.base@17.0.9
j  java.util.ServiceLoader$2.hasNext()Z+16 java.base@17.0.9
j  java.util.ServiceLoader$3.hasNext()Z+32 java.base@17.0.9
j  java.sql.DriverManager$2.run()Ljava/lang/Void;+12 java.sql@17.0.9
j  java.sql.DriverManager$2.run()Ljava/lang/Object;+1 java.sql@17.0.9
j  java.security.AccessController.executePrivileged(Ljava/security/PrivilegedAction;Ljava/security/AccessControlContext;Ljava/lang/Class;)Ljava/lang/Object;+29 java.base@17.0.9
j  java.security.AccessController.doPrivileged(Ljava/security/PrivilegedAction;)Ljava/lang/Object;+5 java.base@17.0.9
j  java.sql.DriverManager.ensureDriversInitialized()V+49 java.sql@17.0.9
j  java.sql.DriverManager.getConnection(Ljava/lang/String;Ljava/util/Properties;Ljava/lang/Class;)Ljava/sql/Connection;+57 java.sql@17.0.9
j  java.sql.DriverManager.getConnection(Ljava/lang/String;Ljava/lang/String;Ljava/lang/String;)Ljava/sql/Connection;+37 java.sql@17.0.9
j  work_admin.WorkDao.getConnection()V+21
j  work_admin.WorkDao.workList(Ljava/lang/String;)Ljava/util/List;+9
j  work_admin.WorkApp.main([Ljava/lang/String;)V+328
v  ~StubRoutines::call_stub
new  187 new  [0x00000202c166b420, 0x00000202c166b640]  544 bytes
[MachCode]
  0x00000202c166b420: 4883 ec08 | c5fa 1104 | 24eb 1f48 | 83ec 10c5 | fb11 0424 | eb14 4883 | ec10 4889 | 0424 48c7 
  0x00000202c166b440: 4424 0800 | 0000 00eb | 0150 410f | b755 010f | cac1 ea10 | 488b 4de8 | 488b 4908 | 488b 4908 
  0x00000202c166b460: 488b 4108 | 807c 1004 | 070f 85d6 | 0000 0066 | 8b54 d148 | 488b 4928 | 488b 4cd1 | 0851 80b9 
  0x00000202c166b480: 3301 0000 | 040f 85b9 | 0000 008b | 5108 f7c2 | 0100 0000 | 0f85 aa00 | 0000 498b | 8708 0100 
  0x00000202c166b4a0: 0048 8d1c | 1049 3b9f | 1801 0000 | 0f87 9200 | 0000 4989 | 9f08 0100 | 00e9 0000 | 0000 4883 
  0x00000202c166b4c0: ea10 0f84 | 0f00 0000 | 33c9 c1ea | 0348 894c | d008 48ff | ca75 f648 | c700 0100 | 0000 5933 
  0x00000202c166b4e0: f689 700c | 48c1 e903 | 8948 0849 | ba2f 3535 | a6fb 7f00 | 0041 803a | 000f 8440 | 0000 0050 
  0x00000202c166b500: 488b c848 | 83ec 20f7 | c40f 0000 | 000f 841a | 0000 0048 | 83ec 0849 | bae0 2beb | a5fb 7f00 
  0x00000202c166b520: 0041 ffd2 | 4883 c408 | e90d 0000 | 0049 bae0 | 2beb a5fb | 7f00 0041 | ffd2 4883 | c420 58e9 
  0x00000202c166b540: cd00 0000 | 5948 8b55 | e848 8b52 | 0848 8b52 | 0845 0fb7 | 4501 410f | c841 c1e8 | 10e8 0500 
  0x00000202c166b560: 0000 e9aa | 0000 0048 | 8d44 2408 | 4c89 6dc0 | 498b cfc5 | f877 4989 | afa8 0200 | 0049 8987 
  0x00000202c166b580: 9802 0000 | 4883 ec20 | f7c4 0f00 | 0000 0f84 | 1a00 0000 | 4883 ec08 | 49ba 002e | b5a5 fb7f 
  0x00000202c166b5a0: 0000 41ff | d248 83c4 | 08e9 0d00 | 0000 49ba | 002e b5a5 | fb7f 0000 | 41ff d248 | 83c4 2049 
  0x00000202c166b5c0: c787 9802 | 0000 0000 | 0000 49c7 | 87a8 0200 | 0000 0000 | 0049 c787 | a002 0000 | 0000 0000 
  0x00000202c166b5e0: c5f8 7749 | 817f 0800 | 0000 000f | 8405 0000 | 00e9 0a59 | feff 498b | 87f0 0200 | 0049 c787 
  0x00000202c166b600: f002 0000 | 0000 0000 | 4c8b 6dc0 | 4c8b 75c8 | c341 0fb6 | 5d03 4983 | c503 49ba | 909a 37a6 
  0x00000202c166b620: fb7f 0000 | 41ff 24da | 0000 0000 | 0000 0000 | 0000 0000 | 0000 0000 | 0000 0000 | 0000 0000 
[/MachCode]

---------------  P R O C E S S  ---------------

Threads class SMR info:
_java_thread_list=0x00000202d04c9d10, length=13, elements={
0x00000202b6a4a050, 0x00000202d0233620, 0x00000202d01d3430, 0x00000202d02453c0,
0x00000202d02458a0, 0x00000202d021bbc0, 0x00000202d021c840, 0x00000202d028e250,
0x00000202d028e770, 0x00000202d0291440, 0x00000202d03e2140, 0x00000202d03fa010,
0x00000202d05735c0
}

Java Threads: ( => current thread )
=>0x00000202b6a4a050 JavaThread "main" [_thread_in_vm, id=224, stack(0x0000002252c00000,0x0000002252d00000)]
  0x00000202d0233620 JavaThread "Reference Handler" daemon [_thread_blocked, id=11560, stack(0x0000002253300000,0x0000002253400000)]
  0x00000202d01d3430 JavaThread "Finalizer" daemon [_thread_blocked, id=17604, stack(0x0000002253400000,0x0000002253500000)]
  0x00000202d02453c0 JavaThread "Signal Dispatcher" daemon [_thread_blocked, id=11624, stack(0x0000002253500000,0x0000002253600000)]
  0x00000202d02458a0 JavaThread "Attach Listener" daemon [_thread_blocked, id=15408, stack(0x0000002253600000,0x0000002253700000)]
  0x00000202d021bbc0 JavaThread "Service Thread" daemon [_thread_blocked, id=6472, stack(0x0000002253700000,0x0000002253800000)]
  0x00000202d021c840 JavaThread "Monitor Deflation Thread" daemon [_thread_blocked, id=16272, stack(0x0000002253800000,0x0000002253900000)]
  0x00000202d028e250 JavaThread "C2 CompilerThread0" daemon [_thread_blocked, id=14648, stack(0x0000002253900000,0x0000002253a00000)]
  0x00000202d028e770 JavaThread "C1 CompilerThread0" daemon [_thread_in_vm, id=15900, stack(0x0000002253a00000,0x0000002253b00000)]
  0x00000202d0291440 JavaThread "Sweeper thread" daemon [_thread_blocked, id=18304, stack(0x0000002253b00000,0x0000002253c00000)]
  0x00000202d03e2140 JavaThread "Notification Thread" daemon [_thread_blocked, id=15748, stack(0x0000002253c00000,0x0000002253d00000)]
  0x00000202d03fa010 JavaThread "Common-Cleaner" daemon [_thread_blocked, id=16408, stack(0x0000002253e00000,0x0000002253f00000)]
  0x00000202d05735c0 JavaThread "mysql-cj-abandoned-connection-cleanup" daemon [_thread_blocked, id=11724, stack(0x0000002253f00000,0x0000002254000000)]

Other Threads:
  0x00000202d01fb120 VMThread "VM Thread" [stack: 0x0000002253200000,0x0000002253300000] [id=7560]
  0x00000202d03e8640 WatcherThread [stack: 0x0000002253d00000,0x0000002253e00000] [id=7688]
  0x00000202b6aa5430 GCTaskThread "GC Thread#0" [stack: 0x0000002252d00000,0x0000002252e00000] [id=10948]
  0x00000202b6ab68f0 ConcurrentGCThread "G1 Main Marker" [stack: 0x0000002252e00000,0x0000002252f00000] [id=12736]
  0x00000202b6ab7230 ConcurrentGCThread "G1 Conc#0" [stack: 0x0000002252f00000,0x0000002253000000] [id=7992]
  0x00000202d00420b0 ConcurrentGCThread "G1 Refine#0" [stack: 0x0000002253000000,0x0000002253100000] [id=11396]
  0x00000202b6b0d9f0 ConcurrentGCThread "G1 Service" [stack: 0x0000002253100000,0x0000002253200000] [id=5520]

Threads with active compile tasks:
C1 CompilerThread0     5392  280       3       java.nio.Buffer::position (52 bytes)

VM state: not at safepoint (normal execution)

VM Mutex/Monitor currently owned by a thread:  ([mutex/lock_event])
[0x00000202b6a41fa0] Metaspace_lock - owner thread: 0x00000202b6a4a050
[0x00000202b6a45000] MethodData_lock - owner thread: 0x00000202d028e770

Heap address: 0x0000000080a00000, size: 2038 MB, Compressed Oops mode: 32-bit

CDS archive(s) not mapped
Compressed class space mapped at: 0x0000000100000000-0x0000000140000000, reserved size: 1073741824
Narrow klass base: 0x0000000000000000, Narrow klass shift: 3, Narrow klass range: 0x140000000

GC Precious Log:
 CPUs: 4 total, 4 available
 Memory: 8150M
 Large Page Support: Disabled
 NUMA Support: Disabled
 Compressed Oops: Enabled (32-bit)
 Heap Region Size: 1M
 Heap Min Capacity: 8M
 Heap Initial Capacity: 128M
 Heap Max Capacity: 2038M
 Pre-touch: Disabled
 Parallel Workers: 4
 Concurrent Workers: 1
 Concurrent Refinement Workers: 4
 Periodic GC: Disabled

Heap:
 garbage-first heap   total 131072K, used 2048K [0x0000000080a00000, 0x0000000100000000)
  region size 1024K, 3 young (3072K), 0 survivors (0K)
 Metaspace       used 7630K, committed 7808K, reserved 1114112K
  class space    used 660K, committed 768K, reserved 1048576K

Heap Regions: E=young(eden), S=young(survivor), O=old, HS=humongous(starts), HC=humongous(continues), CS=collection set, F=free, OA=open archive, CA=closed archive, TAMS=top-at-mark-start (previous, next)
|   0|0x0000000080a00000, 0x0000000080a00000, 0x0000000080b00000|  0%| F|  |TAMS 0x0000000080a00000, 0x0000000080a00000| Untracked 
|   1|0x0000000080b00000, 0x0000000080b00000, 0x0000000080c00000|  0%| F|  |TAMS 0x0000000080b00000, 0x0000000080b00000| Untracked 
|   2|0x0000000080c00000, 0x0000000080c00000, 0x0000000080d00000|  0%| F|  |TAMS 0x0000000080c00000, 0x0000000080c00000| Untracked 
|   3|0x0000000080d00000, 0x0000000080d00000, 0x0000000080e00000|  0%| F|  |TAMS 0x0000000080d00000, 0x0000000080d00000| Untracked 
|   4|0x0000000080e00000, 0x0000000080e00000, 0x0000000080f00000|  0%| F|  |TAMS 0x0000000080e00000, 0x0000000080e00000| Untracked 
|   5|0x0000000080f00000, 0x0000000080f00000, 0x0000000081000000|  0%| F|  |TAMS 0x0000000080f00000, 0x0000000080f00000| Untracked 
|   6|0x0000000081000000, 0x0000000081000000, 0x0000000081100000|  0%| F|  |TAMS 0x0000000081000000, 0x0000000081000000| Untracked 
|   7|0x0000000081100000, 0x0000000081100000, 0x0000000081200000|  0%| F|  |TAMS 0x0000000081100000, 0x0000000081100000| Untracked 
|   8|0x0000000081200000, 0x0000000081200000, 0x0000000081300000|  0%| F|  |TAMS 0x0000000081200000, 0x0000000081200000| Untracked 
|   9|0x0000000081300000, 0x0000000081300000, 0x0000000081400000|  0%| F|  |TAMS 0x0000000081300000, 0x0000000081300000| Untracked 
|  10|0x0000000081400000, 0x0000000081400000, 0x0000000081500000|  0%| F|  |TAMS 0x0000000081400000, 0x0000000081400000| Untracked 
|  11|0x0000000081500000, 0x0000000081500000, 0x0000000081600000|  0%| F|  |TAMS 0x0000000081500000, 0x0000000081500000| Untracked 
|  12|0x0000000081600000, 0x0000000081600000, 0x0000000081700000|  0%| F|  |TAMS 0x0000000081600000, 0x0000000081600000| Untracked 
|  13|0x0000000081700000, 0x0000000081700000, 0x0000000081800000|  0%| F|  |TAMS 0x0000000081700000, 0x0000000081700000| Untracked 
|  14|0x0000000081800000, 0x0000000081800000, 0x0000000081900000|  0%| F|  |TAMS 0x0000000081800000, 0x0000000081800000| Untracked 
|  15|0x0000000081900000, 0x0000000081900000, 0x0000000081a00000|  0%| F|  |TAMS 0x0000000081900000, 0x0000000081900000| Untracked 
|  16|0x0000000081a00000, 0x0000000081a00000, 0x0000000081b00000|  0%| F|  |TAMS 0x0000000081a00000, 0x0000000081a00000| Untracked 
|  17|0x0000000081b00000, 0x0000000081b00000, 0x0000000081c00000|  0%| F|  |TAMS 0x0000000081b00000, 0x0000000081b00000| Untracked 
|  18|0x0000000081c00000, 0x0000000081c00000, 0x0000000081d00000|  0%| F|  |TAMS 0x0000000081c00000, 0x0000000081c00000| Untracked 
|  19|0x0000000081d00000, 0x0000000081d00000, 0x0000000081e00000|  0%| F|  |TAMS 0x0000000081d00000, 0x0000000081d00000| Untracked 
|  20|0x0000000081e00000, 0x0000000081e00000, 0x0000000081f00000|  0%| F|  |TAMS 0x0000000081e00000, 0x0000000081e00000| Untracked 
|  21|0x0000000081f00000, 0x0000000081f00000, 0x0000000082000000|  0%| F|  |TAMS 0x0000000081f00000, 0x0000000081f00000| Untracked 
|  22|0x0000000082000000, 0x0000000082000000, 0x0000000082100000|  0%| F|  |TAMS 0x0000000082000000, 0x0000000082000000| Untracked 
|  23|0x0000000082100000, 0x0000000082100000, 0x0000000082200000|  0%| F|  |TAMS 0x0000000082100000, 0x0000000082100000| Untracked 
|  24|0x0000000082200000, 0x0000000082200000, 0x0000000082300000|  0%| F|  |TAMS 0x0000000082200000, 0x0000000082200000| Untracked 
|  25|0x0000000082300000, 0x0000000082300000, 0x0000000082400000|  0%| F|  |TAMS 0x0000000082300000, 0x0000000082300000| Untracked 
|  26|0x0000000082400000, 0x0000000082400000, 0x0000000082500000|  0%| F|  |TAMS 0x0000000082400000, 0x0000000082400000| Untracked 
|  27|0x0000000082500000, 0x0000000082500000, 0x0000000082600000|  0%| F|  |TAMS 0x0000000082500000, 0x0000000082500000| Untracked 
|  28|0x0000000082600000, 0x0000000082600000, 0x0000000082700000|  0%| F|  |TAMS 0x0000000082600000, 0x0000000082600000| Untracked 
|  29|0x0000000082700000, 0x0000000082700000, 0x0000000082800000|  0%| F|  |TAMS 0x0000000082700000, 0x0000000082700000| Untracked 
|  30|0x0000000082800000, 0x0000000082800000, 0x0000000082900000|  0%| F|  |TAMS 0x0000000082800000, 0x0000000082800000| Untracked 
|  31|0x0000000082900000, 0x0000000082900000, 0x0000000082a00000|  0%| F|  |TAMS 0x0000000082900000, 0x0000000082900000| Untracked 
|  32|0x0000000082a00000, 0x0000000082a00000, 0x0000000082b00000|  0%| F|  |TAMS 0x0000000082a00000, 0x0000000082a00000| Untracked 
|  33|0x0000000082b00000, 0x0000000082b00000, 0x0000000082c00000|  0%| F|  |TAMS 0x0000000082b00000, 0x0000000082b00000| Untracked 
|  34|0x0000000082c00000, 0x0000000082c00000, 0x0000000082d00000|  0%| F|  |TAMS 0x0000000082c00000, 0x0000000082c00000| Untracked 
|  35|0x0000000082d00000, 0x0000000082d00000, 0x0000000082e00000|  0%| F|  |TAMS 0x0000000082d00000, 0x0000000082d00000| Untracked 
|  36|0x0000000082e00000, 0x0000000082e00000, 0x0000000082f00000|  0%| F|  |TAMS 0x0000000082e00000, 0x0000000082e00000| Untracked 
|  37|0x0000000082f00000, 0x0000000082f00000, 0x0000000083000000|  0%| F|  |TAMS 0x0000000082f00000, 0x0000000082f00000| Untracked 
|  38|0x0000000083000000, 0x0000000083000000, 0x0000000083100000|  0%| F|  |TAMS 0x0000000083000000, 0x0000000083000000| Untracked 
|  39|0x0000000083100000, 0x0000000083100000, 0x0000000083200000|  0%| F|  |TAMS 0x0000000083100000, 0x0000000083100000| Untracked 
|  40|0x0000000083200000, 0x0000000083200000, 0x0000000083300000|  0%| F|  |TAMS 0x0000000083200000, 0x0000000083200000| Untracked 
|  41|0x0000000083300000, 0x0000000083300000, 0x0000000083400000|  0%| F|  |TAMS 0x0000000083300000, 0x0000000083300000| Untracked 
|  42|0x0000000083400000, 0x0000000083400000, 0x0000000083500000|  0%| F|  |TAMS 0x0000000083400000, 0x0000000083400000| Untracked 
|  43|0x0000000083500000, 0x0000000083500000, 0x0000000083600000|  0%| F|  |TAMS 0x0000000083500000, 0x0000000083500000| Untracked 
|  44|0x0000000083600000, 0x0000000083600000, 0x0000000083700000|  0%| F|  |TAMS 0x0000000083600000, 0x0000000083600000| Untracked 
|  45|0x0000000083700000, 0x0000000083700000, 0x0000000083800000|  0%| F|  |TAMS 0x0000000083700000, 0x0000000083700000| Untracked 
|  46|0x0000000083800000, 0x0000000083800000, 0x0000000083900000|  0%| F|  |TAMS 0x0000000083800000, 0x0000000083800000| Untracked 
|  47|0x0000000083900000, 0x0000000083900000, 0x0000000083a00000|  0%| F|  |TAMS 0x0000000083900000, 0x0000000083900000| Untracked 
|  48|0x0000000083a00000, 0x0000000083a00000, 0x0000000083b00000|  0%| F|  |TAMS 0x0000000083a00000, 0x0000000083a00000| Untracked 
|  49|0x0000000083b00000, 0x0000000083b00000, 0x0000000083c00000|  0%| F|  |TAMS 0x0000000083b00000, 0x0000000083b00000| Untracked 
|  50|0x0000000083c00000, 0x0000000083c00000, 0x0000000083d00000|  0%| F|  |TAMS 0x0000000083c00000, 0x0000000083c00000| Untracked 
|  51|0x0000000083d00000, 0x0000000083d00000, 0x0000000083e00000|  0%| F|  |TAMS 0x0000000083d00000, 0x0000000083d00000| Untracked 
|  52|0x0000000083e00000, 0x0000000083e00000, 0x0000000083f00000|  0%| F|  |TAMS 0x0000000083e00000, 0x0000000083e00000| Untracked 
|  53|0x0000000083f00000, 0x0000000083f00000, 0x0000000084000000|  0%| F|  |TAMS 0x0000000083f00000, 0x0000000083f00000| Untracked 
|  54|0x0000000084000000, 0x0000000084000000, 0x0000000084100000|  0%| F|  |TAMS 0x0000000084000000, 0x0000000084000000| Untracked 
|  55|0x0000000084100000, 0x0000000084100000, 0x0000000084200000|  0%| F|  |TAMS 0x0000000084100000, 0x0000000084100000| Untracked 
|  56|0x0000000084200000, 0x0000000084200000, 0x0000000084300000|  0%| F|  |TAMS 0x0000000084200000, 0x0000000084200000| Untracked 
|  57|0x0000000084300000, 0x0000000084300000, 0x0000000084400000|  0%| F|  |TAMS 0x0000000084300000, 0x0000000084300000| Untracked 
|  58|0x0000000084400000, 0x0000000084400000, 0x0000000084500000|  0%| F|  |TAMS 0x0000000084400000, 0x0000000084400000| Untracked 
|  59|0x0000000084500000, 0x0000000084500000, 0x0000000084600000|  0%| F|  |TAMS 0x0000000084500000, 0x0000000084500000| Untracked 
|  60|0x0000000084600000, 0x0000000084600000, 0x0000000084700000|  0%| F|  |TAMS 0x0000000084600000, 0x0000000084600000| Untracked 
|  61|0x0000000084700000, 0x0000000084700000, 0x0000000084800000|  0%| F|  |TAMS 0x0000000084700000, 0x0000000084700000| Untracked 
|  62|0x0000000084800000, 0x0000000084800000, 0x0000000084900000|  0%| F|  |TAMS 0x0000000084800000, 0x0000000084800000| Untracked 
|  63|0x0000000084900000, 0x0000000084900000, 0x0000000084a00000|  0%| F|  |TAMS 0x0000000084900000, 0x0000000084900000| Untracked 
|  64|0x0000000084a00000, 0x0000000084a00000, 0x0000000084b00000|  0%| F|  |TAMS 0x0000000084a00000, 0x0000000084a00000| Untracked 
|  65|0x0000000084b00000, 0x0000000084b00000, 0x0000000084c00000|  0%| F|  |TAMS 0x0000000084b00000, 0x0000000084b00000| Untracked 
|  66|0x0000000084c00000, 0x0000000084c00000, 0x0000000084d00000|  0%| F|  |TAMS 0x0000000084c00000, 0x0000000084c00000| Untracked 
|  67|0x0000000084d00000, 0x0000000084d00000, 0x0000000084e00000|  0%| F|  |TAMS 0x0000000084d00000, 0x0000000084d00000| Untracked 
|  68|0x0000000084e00000, 0x0000000084e00000, 0x0000000084f00000|  0%| F|  |TAMS 0x0000000084e00000, 0x0000000084e00000| Untracked 
|  69|0x0000000084f00000, 0x0000000084f00000, 0x0000000085000000|  0%| F|  |TAMS 0x0000000084f00000, 0x0000000084f00000| Untracked 
|  70|0x0000000085000000, 0x0000000085000000, 0x0000000085100000|  0%| F|  |TAMS 0x0000000085000000, 0x0000000085000000| Untracked 
|  71|0x0000000085100000, 0x0000000085100000, 0x0000000085200000|  0%| F|  |TAMS 0x0000000085100000, 0x0000000085100000| Untracked 
|  72|0x0000000085200000, 0x0000000085200000, 0x0000000085300000|  0%| F|  |TAMS 0x0000000085200000, 0x0000000085200000| Untracked 
|  73|0x0000000085300000, 0x0000000085300000, 0x0000000085400000|  0%| F|  |TAMS 0x0000000085300000, 0x0000000085300000| Untracked 
|  74|0x0000000085400000, 0x0000000085400000, 0x0000000085500000|  0%| F|  |TAMS 0x0000000085400000, 0x0000000085400000| Untracked 
|  75|0x0000000085500000, 0x0000000085500000, 0x0000000085600000|  0%| F|  |TAMS 0x0000000085500000, 0x0000000085500000| Untracked 
|  76|0x0000000085600000, 0x0000000085600000, 0x0000000085700000|  0%| F|  |TAMS 0x0000000085600000, 0x0000000085600000| Untracked 
|  77|0x0000000085700000, 0x0000000085700000, 0x0000000085800000|  0%| F|  |TAMS 0x0000000085700000, 0x0000000085700000| Untracked 
|  78|0x0000000085800000, 0x0000000085800000, 0x0000000085900000|  0%| F|  |TAMS 0x0000000085800000, 0x0000000085800000| Untracked 
|  79|0x0000000085900000, 0x0000000085900000, 0x0000000085a00000|  0%| F|  |TAMS 0x0000000085900000, 0x0000000085900000| Untracked 
|  80|0x0000000085a00000, 0x0000000085a00000, 0x0000000085b00000|  0%| F|  |TAMS 0x0000000085a00000, 0x0000000085a00000| Untracked 
|  81|0x0000000085b00000, 0x0000000085b00000, 0x0000000085c00000|  0%| F|  |TAMS 0x0000000085b00000, 0x0000000085b00000| Untracked 
|  82|0x0000000085c00000, 0x0000000085c00000, 0x0000000085d00000|  0%| F|  |TAMS 0x0000000085c00000, 0x0000000085c00000| Untracked 
|  83|0x0000000085d00000, 0x0000000085d00000, 0x0000000085e00000|  0%| F|  |TAMS 0x0000000085d00000, 0x0000000085d00000| Untracked 
|  84|0x0000000085e00000, 0x0000000085e00000, 0x0000000085f00000|  0%| F|  |TAMS 0x0000000085e00000, 0x0000000085e00000| Untracked 
|  85|0x0000000085f00000, 0x0000000085f00000, 0x0000000086000000|  0%| F|  |TAMS 0x0000000085f00000, 0x0000000085f00000| Untracked 
|  86|0x0000000086000000, 0x0000000086000000, 0x0000000086100000|  0%| F|  |TAMS 0x0000000086000000, 0x0000000086000000| Untracked 
|  87|0x0000000086100000, 0x0000000086100000, 0x0000000086200000|  0%| F|  |TAMS 0x0000000086100000, 0x0000000086100000| Untracked 
|  88|0x0000000086200000, 0x0000000086200000, 0x0000000086300000|  0%| F|  |TAMS 0x0000000086200000, 0x0000000086200000| Untracked 
|  89|0x0000000086300000, 0x0000000086300000, 0x0000000086400000|  0%| F|  |TAMS 0x0000000086300000, 0x0000000086300000| Untracked 
|  90|0x0000000086400000, 0x0000000086400000, 0x0000000086500000|  0%| F|  |TAMS 0x0000000086400000, 0x0000000086400000| Untracked 
|  91|0x0000000086500000, 0x0000000086500000, 0x0000000086600000|  0%| F|  |TAMS 0x0000000086500000, 0x0000000086500000| Untracked 
|  92|0x0000000086600000, 0x0000000086600000, 0x0000000086700000|  0%| F|  |TAMS 0x0000000086600000, 0x0000000086600000| Untracked 
|  93|0x0000000086700000, 0x0000000086700000, 0x0000000086800000|  0%| F|  |TAMS 0x0000000086700000, 0x0000000086700000| Untracked 
|  94|0x0000000086800000, 0x0000000086800000, 0x0000000086900000|  0%| F|  |TAMS 0x0000000086800000, 0x0000000086800000| Untracked 
|  95|0x0000000086900000, 0x0000000086900000, 0x0000000086a00000|  0%| F|  |TAMS 0x0000000086900000, 0x0000000086900000| Untracked 
|  96|0x0000000086a00000, 0x0000000086a00000, 0x0000000086b00000|  0%| F|  |TAMS 0x0000000086a00000, 0x0000000086a00000| Untracked 
|  97|0x0000000086b00000, 0x0000000086b00000, 0x0000000086c00000|  0%| F|  |TAMS 0x0000000086b00000, 0x0000000086b00000| Untracked 
|  98|0x0000000086c00000, 0x0000000086c00000, 0x0000000086d00000|  0%| F|  |TAMS 0x0000000086c00000, 0x0000000086c00000| Untracked 
|  99|0x0000000086d00000, 0x0000000086d00000, 0x0000000086e00000|  0%| F|  |TAMS 0x0000000086d00000, 0x0000000086d00000| Untracked 
| 100|0x0000000086e00000, 0x0000000086e00000, 0x0000000086f00000|  0%| F|  |TAMS 0x0000000086e00000, 0x0000000086e00000| Untracked 
| 101|0x0000000086f00000, 0x0000000086f00000, 0x0000000087000000|  0%| F|  |TAMS 0x0000000086f00000, 0x0000000086f00000| Untracked 
| 102|0x0000000087000000, 0x0000000087000000, 0x0000000087100000|  0%| F|  |TAMS 0x0000000087000000, 0x0000000087000000| Untracked 
| 103|0x0000000087100000, 0x0000000087100000, 0x0000000087200000|  0%| F|  |TAMS 0x0000000087100000, 0x0000000087100000| Untracked 
| 104|0x0000000087200000, 0x0000000087200000, 0x0000000087300000|  0%| F|  |TAMS 0x0000000087200000, 0x0000000087200000| Untracked 
| 105|0x0000000087300000, 0x0000000087300000, 0x0000000087400000|  0%| F|  |TAMS 0x0000000087300000, 0x0000000087300000| Untracked 
| 106|0x0000000087400000, 0x0000000087400000, 0x0000000087500000|  0%| F|  |TAMS 0x0000000087400000, 0x0000000087400000| Untracked 
| 107|0x0000000087500000, 0x0000000087500000, 0x0000000087600000|  0%| F|  |TAMS 0x0000000087500000, 0x0000000087500000| Untracked 
| 108|0x0000000087600000, 0x0000000087600000, 0x0000000087700000|  0%| F|  |TAMS 0x0000000087600000, 0x0000000087600000| Untracked 
| 109|0x0000000087700000, 0x0000000087700000, 0x0000000087800000|  0%| F|  |TAMS 0x0000000087700000, 0x0000000087700000| Untracked 
| 110|0x0000000087800000, 0x0000000087800000, 0x0000000087900000|  0%| F|  |TAMS 0x0000000087800000, 0x0000000087800000| Untracked 
| 111|0x0000000087900000, 0x0000000087900000, 0x0000000087a00000|  0%| F|  |TAMS 0x0000000087900000, 0x0000000087900000| Untracked 
| 112|0x0000000087a00000, 0x0000000087a00000, 0x0000000087b00000|  0%| F|  |TAMS 0x0000000087a00000, 0x0000000087a00000| Untracked 
| 113|0x0000000087b00000, 0x0000000087b00000, 0x0000000087c00000|  0%| F|  |TAMS 0x0000000087b00000, 0x0000000087b00000| Untracked 
| 114|0x0000000087c00000, 0x0000000087c00000, 0x0000000087d00000|  0%| F|  |TAMS 0x0000000087c00000, 0x0000000087c00000| Untracked 
| 115|0x0000000087d00000, 0x0000000087d00000, 0x0000000087e00000|  0%| F|  |TAMS 0x0000000087d00000, 0x0000000087d00000| Untracked 
| 116|0x0000000087e00000, 0x0000000087e00000, 0x0000000087f00000|  0%| F|  |TAMS 0x0000000087e00000, 0x0000000087e00000| Untracked 
| 117|0x0000000087f00000, 0x0000000087f00000, 0x0000000088000000|  0%| F|  |TAMS 0x0000000087f00000, 0x0000000087f00000| Untracked 
| 118|0x0000000088000000, 0x0000000088000000, 0x0000000088100000|  0%| F|  |TAMS 0x0000000088000000, 0x0000000088000000| Untracked 
| 119|0x0000000088100000, 0x0000000088100000, 0x0000000088200000|  0%| F|  |TAMS 0x0000000088100000, 0x0000000088100000| Untracked 
| 120|0x0000000088200000, 0x0000000088200000, 0x0000000088300000|  0%| F|  |TAMS 0x0000000088200000, 0x0000000088200000| Untracked 
| 121|0x0000000088300000, 0x0000000088300000, 0x0000000088400000|  0%| F|  |TAMS 0x0000000088300000, 0x0000000088300000| Untracked 
| 122|0x0000000088400000, 0x0000000088400000, 0x0000000088500000|  0%| F|  |TAMS 0x0000000088400000, 0x0000000088400000| Untracked 
| 123|0x0000000088500000, 0x0000000088500000, 0x0000000088600000|  0%| F|  |TAMS 0x0000000088500000, 0x0000000088500000| Untracked 
| 124|0x0000000088600000, 0x0000000088600000, 0x0000000088700000|  0%| F|  |TAMS 0x0000000088600000, 0x0000000088600000| Untracked 
| 125|0x0000000088700000, 0x0000000088800000, 0x0000000088800000|100%| E|  |TAMS 0x0000000088700000, 0x0000000088700000| Complete 
| 126|0x0000000088800000, 0x0000000088900000, 0x0000000088900000|100%| E|CS|TAMS 0x0000000088800000, 0x0000000088800000| Complete 
| 127|0x0000000088900000, 0x0000000088a00000, 0x0000000088a00000|100%| E|CS|TAMS 0x0000000088900000, 0x0000000088900000| Complete 

Card table byte_map: [0x00000202c9520000,0x00000202c9920000] _byte_map_base: 0x00000202c911b000

Marking Bits (Prev, Next): (CMBitMap*) 0x00000202b6aa5960, (CMBitMap*) 0x00000202b6aa59a0
 Prev Bits: [0x00000202c9d20000, 0x00000202cbcf8000)
 Next Bits: [0x00000202cbd00000, 0x00000202cdcd8000)

Polling page: 0x00000202b4a10000

Metaspace:

Usage:
  Non-class:      6.81 MB used.
      Class:    660.55 KB used.
       Both:      7.45 MB used.

Virtual space:
  Non-class space:       64.00 MB reserved,       6.88 MB ( 11%) committed,  1 nodes.
      Class space:        1.00 GB reserved,     768.00 KB ( <1%) committed,  1 nodes.
             Both:        1.06 GB reserved,       7.62 MB ( <1%) committed. 

Chunk freelists:
   Non-Class:  8.92 MB
       Class:  15.23 MB
        Both:  24.15 MB

MaxMetaspaceSize: unlimited
CompressedClassSpaceSize: 1.00 GB
Initial GC threshold: 21.00 MB
Current GC threshold: 21.00 MB
CDS: off
MetaspaceReclaimPolicy: balanced
 - commit_granule_bytes: 65536.
 - commit_granule_words: 8192.
 - virtual_space_node_default_size: 8388608.
 - enlarge_chunks_in_place: 1.
 - new_chunks_are_fully_committed: 0.
 - uncommit_free_chunks: 1.
 - use_allocation_guard: 0.
 - handle_deallocations: 1.


Internal statistics:

num_allocs_failed_limit: 0.
num_arena_births: 26.
num_arena_deaths: 0.
num_vsnodes_births: 2.
num_vsnodes_deaths: 0.
num_space_committed: 122.
num_space_uncommitted: 0.
num_chunks_returned_to_freelist: 0.
num_chunks_taken_from_freelist: 57.
num_chunk_merges: 0.
num_chunk_splits: 29.
num_chunks_enlarged: 13.
num_inconsistent_stats: 0.

CodeHeap 'non-profiled nmethods': size=120000Kb used=84Kb max_used=84Kb free=119915Kb
 bounds [0x00000202c1bf0000, 0x00000202c1e60000, 0x00000202c9120000]
CodeHeap 'profiled nmethods': size=120000Kb used=379Kb max_used=379Kb free=119620Kb
 bounds [0x00000202ba120000, 0x00000202ba390000, 0x00000202c1650000]
CodeHeap 'non-nmethods': size=5760Kb used=1117Kb max_used=1131Kb free=4642Kb
 bounds [0x00000202c1650000, 0x00000202c18c0000, 0x00000202c1bf0000]
 total_blobs=678 nmethods=279 adapters=312
 compilation: enabled
              stopped_count=0, restarted_count=0
 full_count=0

Compilation events (20 events):
Event: 5.366 Thread 0x00000202d028e250  270       4       jdk.internal.org.objectweb.asm.SymbolTable::get (13 bytes)
Event: 5.366 Thread 0x00000202d028e770 nmethod 268 0x00000202ba171b10 code [0x00000202ba171d40, 0x00000202ba172858]
Event: 5.366 Thread 0x00000202d028e770  269       3       sun.invoke.util.Wrapper::hashPrim (30 bytes)
Event: 5.366 Thread 0x00000202d028e250 nmethod 270 0x00000202c1c04390 code [0x00000202c1c04500, 0x00000202c1c045d8]
Event: 5.367 Thread 0x00000202d028e770 nmethod 269 0x00000202ba172a10 code [0x00000202ba172ca0, 0x00000202ba1738c8]
Event: 5.367 Thread 0x00000202d028e770  271       3       jdk.internal.org.objectweb.asm.Frame::execute (2305 bytes)
Event: 5.370 Thread 0x00000202d028e770 nmethod 271 0x00000202ba173d90 code [0x00000202ba174cc0, 0x00000202ba17b698]
Event: 5.370 Thread 0x00000202d028e770  274       3       java.lang.invoke.LambdaForm$Name::initIndex (26 bytes)
Event: 5.370 Thread 0x00000202d028e770 nmethod 274 0x00000202ba17d290 code [0x00000202ba17d420, 0x00000202ba17d5d8]
Event: 5.370 Thread 0x00000202d028e770  277       1       java.lang.Module::getDescriptor (5 bytes)
Event: 5.370 Thread 0x00000202d028e770 nmethod 277 0x00000202c1c04690 code [0x00000202c1c04820, 0x00000202c1c048f8]
Event: 5.370 Thread 0x00000202d028e770  278       1       java.lang.module.ModuleDescriptor::provides (5 bytes)
Event: 5.370 Thread 0x00000202d028e770 nmethod 278 0x00000202c1c04990 code [0x00000202c1c04b20, 0x00000202c1c04bf8]
Event: 5.370 Thread 0x00000202d028e770  276       1       java.lang.invoke.LambdaForm$Name::index (5 bytes)
Event: 5.370 Thread 0x00000202d028e770 nmethod 276 0x00000202c1c04c90 code [0x00000202c1c04e20, 0x00000202c1c04ef8]
Event: 5.370 Thread 0x00000202d028e770  279       1       jdk.internal.jimage.ImageHeader::getTableLength (5 bytes)
Event: 5.370 Thread 0x00000202d028e770 nmethod 279 0x00000202c1c04f90 code [0x00000202c1c05120, 0x00000202c1c051f8]
Event: 5.370 Thread 0x00000202d028e770  272       3       java.lang.invoke.MemberName::getMethodOrFieldType (72 bytes)
Event: 5.371 Thread 0x00000202d028e770 nmethod 272 0x00000202ba17d690 code [0x00000202ba17d9c0, 0x00000202ba17e888]
Event: 5.372 Thread 0x00000202d028e770  280       3       java.nio.Buffer::position (52 bytes)

GC Heap History (0 events):
No events

Dll operation events (5 events):
Event: 0.006 Loaded shared library C:\javaStudy\eclipse\plugins\org.eclipse.justj.openjdk.hotspot.jre.full.win32.x86_64_17.0.9.v20231028-0858\jre\bin\java.dll
Event: 0.098 Loaded shared library C:\javaStudy\eclipse\plugins\org.eclipse.justj.openjdk.hotspot.jre.full.win32.x86_64_17.0.9.v20231028-0858\jre\bin\jimage.dll
Event: 0.115 Loaded shared library C:\javaStudy\eclipse\plugins\org.eclipse.justj.openjdk.hotspot.jre.full.win32.x86_64_17.0.9.v20231028-0858\jre\bin\zip.dll
Event: 5.341 Loaded shared library C:\javaStudy\eclipse\plugins\org.eclipse.justj.openjdk.hotspot.jre.full.win32.x86_64_17.0.9.v20231028-0858\jre\bin\net.dll
Event: 5.342 Loaded shared library C:\javaStudy\eclipse\plugins\org.eclipse.justj.openjdk.hotspot.jre.full.win32.x86_64_17.0.9.v20231028-0858\jre\bin\nio.dll

Deoptimization events (0 events):
No events

Classes unloaded (0 events):
No events

Classes redefined (0 events):
No events

Internal exceptions (0 events):
No events

VM Operations (8 events):
Event: 1.041 Executing VM operation: Cleanup
Event: 1.041 Executing VM operation: Cleanup done
Event: 5.350 Executing VM operation: HandshakeAllThreads
Event: 5.350 Executing VM operation: HandshakeAllThreads done
Event: 5.357 Executing VM operation: HandshakeAllThreads
Event: 5.357 Executing VM operation: HandshakeAllThreads done
Event: 5.357 Executing VM operation: Cleanup
Event: 5.357 Executing VM operation: Cleanup done

Events (20 events):
Event: 5.369 loading class java/util/HashMap$ValueIterator done
Event: 5.369 loading class jdk/internal/loader/BuiltinClassLoader$1
Event: 5.369 loading class jdk/internal/loader/BuiltinClassLoader$1 done
Event: 5.370 loading class java/lang/CompoundEnumeration
Event: 5.370 loading class java/lang/CompoundEnumeration done
Event: 5.370 loading class jdk/internal/loader/URLClassPath$1
Event: 5.370 loading class jdk/internal/loader/URLClassPath$1 done
Event: 5.370 loading class java/util/LinkedHashSet
Event: 5.370 loading class java/util/LinkedHashSet done
Event: 5.370 loading class sun/net/www/protocol/jar/JarURLConnection
Event: 5.371 loading class java/net/JarURLConnection
Event: 5.371 loading class java/net/URLConnection
Event: 5.371 loading class java/net/URLConnection done
Event: 5.371 loading class java/net/JarURLConnection done
Event: 5.371 loading class sun/net/www/protocol/jar/JarURLConnection done
Event: 5.371 loading class sun/net/www/protocol/jar/JarFileFactory
Event: 5.371 loading class sun/net/www/protocol/jar/URLJarFile$URLJarFileCloseController
Event: 5.372 loading class sun/net/www/protocol/jar/URLJarFile$URLJarFileCloseController done
Event: 5.372 loading class sun/net/www/protocol/jar/JarFileFactory done
Event: 5.372 loading class sun/net/www/protocol/file/FileURLConnection


Dynamic libraries:
0x00007ff6c5180000 - 0x00007ff6c518e000 	C:\javaStudy\eclipse\plugins\org.eclipse.justj.openjdk.hotspot.jre.full.win32.x86_64_17.0.9.v20231028-0858\jre\bin\javaw.exe
0x00007ffbedd70000 - 0x00007ffbedf68000 	C:\Windows\SYSTEM32\ntdll.dll
0x00007ffbed920000 - 0x00007ffbed9dd000 	C:\Windows\System32\KERNEL32.DLL
0x00007ffbeb8c0000 - 0x00007ffbebbb6000 	C:\Windows\System32\KERNELBASE.dll
0x00007ffbebcc0000 - 0x00007ffbebdc0000 	C:\Windows\System32\ucrtbase.dll
0x00007ffbe6f50000 - 0x00007ffbe6f67000 	C:\javaStudy\eclipse\plugins\org.eclipse.justj.openjdk.hotspot.jre.full.win32.x86_64_17.0.9.v20231028-0858\jre\bin\jli.dll
0x00007ffbebf60000 - 0x00007ffbec0fe000 	C:\Windows\System32\USER32.dll
0x00007ffbeb730000 - 0x00007ffbeb752000 	C:\Windows\System32\win32u.dll
0x00007ffbed280000 - 0x00007ffbed2ac000 	C:\Windows\System32\GDI32.dll
0x00007ffbeb610000 - 0x00007ffbeb72a000 	C:\Windows\System32\gdi32full.dll
0x00007ffbeb540000 - 0x00007ffbeb5dd000 	C:\Windows\System32\msvcp_win.dll
0x00007ffbe6ed0000 - 0x00007ffbe6eeb000 	C:\javaStudy\eclipse\plugins\org.eclipse.justj.openjdk.hotspot.jre.full.win32.x86_64_17.0.9.v20231028-0858\jre\bin\VCRUNTIME140.dll
0x00007ffbdaa00000 - 0x00007ffbdac9a000 	C:\Windows\WinSxS\amd64_microsoft.windows.common-controls_6595b64144ccf1df_6.0.19041.3636_none_60b6a03d71f818d5\COMCTL32.dll
0x00007ffbec2d0000 - 0x00007ffbec36e000 	C:\Windows\System32\msvcrt.dll
0x00007ffbec370000 - 0x00007ffbec3a0000 	C:\Windows\System32\IMM32.DLL
0x00007ffbe7340000 - 0x00007ffbe734c000 	C:\javaStudy\eclipse\plugins\org.eclipse.justj.openjdk.hotspot.jre.full.win32.x86_64_17.0.9.v20231028-0858\jre\bin\vcruntime140_1.dll
0x00007ffbe55c0000 - 0x00007ffbe564d000 	C:\javaStudy\eclipse\plugins\org.eclipse.justj.openjdk.hotspot.jre.full.win32.x86_64_17.0.9.v20231028-0858\jre\bin\msvcp140.dll
0x00007ffba57d0000 - 0x00007ffba6431000 	C:\javaStudy\eclipse\plugins\org.eclipse.justj.openjdk.hotspot.jre.full.win32.x86_64_17.0.9.v20231028-0858\jre\bin\server\jvm.dll
0x00007ffbec180000 - 0x00007ffbec233000 	C:\Windows\System32\ADVAPI32.dll
0x00007ffbec3a0000 - 0x00007ffbec43f000 	C:\Windows\System32\sechost.dll
0x00007ffbebe20000 - 0x00007ffbebf46000 	C:\Windows\System32\RPCRT4.dll
0x00007ffbeb5e0000 - 0x00007ffbeb607000 	C:\Windows\System32\bcrypt.dll
0x00007ffbeb1f0000 - 0x00007ffbeb23b000 	C:\Windows\SYSTEM32\POWRPROF.dll
0x00007ffbde8d0000 - 0x00007ffbde8d9000 	C:\Windows\SYSTEM32\WSOCK32.dll
0x00007ffbec110000 - 0x00007ffbec17b000 	C:\Windows\System32\WS2_32.dll
0x00007ffbdafe0000 - 0x00007ffbdb007000 	C:\Windows\SYSTEM32\WINMM.dll
0x00007ffbe67a0000 - 0x00007ffbe67aa000 	C:\Windows\SYSTEM32\VERSION.dll
0x00007ffbeb1d0000 - 0x00007ffbeb1e2000 	C:\Windows\SYSTEM32\UMPDC.dll
0x00007ffbe9230000 - 0x00007ffbe9242000 	C:\Windows\SYSTEM32\kernel.appcore.dll
0x00007ffbe6f70000 - 0x00007ffbe6f7a000 	C:\javaStudy\eclipse\plugins\org.eclipse.justj.openjdk.hotspot.jre.full.win32.x86_64_17.0.9.v20231028-0858\jre\bin\jimage.dll
0x00007ffbe5e00000 - 0x00007ffbe5fe4000 	C:\Windows\SYSTEM32\DBGHELP.DLL
0x00007ffbe5ae0000 - 0x00007ffbe5b14000 	C:\Windows\SYSTEM32\dbgcore.DLL
0x00007ffbeb440000 - 0x00007ffbeb4c2000 	C:\Windows\System32\bcryptPrimitives.dll
0x00007ffbdd0b0000 - 0x00007ffbdd0d5000 	C:\javaStudy\eclipse\plugins\org.eclipse.justj.openjdk.hotspot.jre.full.win32.x86_64_17.0.9.v20231028-0858\jre\bin\java.dll
0x00007ffbcb1e0000 - 0x00007ffbcb1f8000 	C:\javaStudy\eclipse\plugins\org.eclipse.justj.openjdk.hotspot.jre.full.win32.x86_64_17.0.9.v20231028-0858\jre\bin\zip.dll
0x00007ffbec910000 - 0x00007ffbed055000 	C:\Windows\System32\SHELL32.dll
0x00007ffbe9510000 - 0x00007ffbe9cab000 	C:\Windows\SYSTEM32\windows.storage.dll
0x00007ffbed2b0000 - 0x00007ffbed604000 	C:\Windows\System32\combase.dll
0x00007ffbeada0000 - 0x00007ffbeadcd000 	C:\Windows\SYSTEM32\Wldp.dll
0x00007ffbedc80000 - 0x00007ffbedd2d000 	C:\Windows\System32\SHCORE.dll
0x00007ffbed060000 - 0x00007ffbed0b5000 	C:\Windows\System32\shlwapi.dll
0x00007ffbeb370000 - 0x00007ffbeb395000 	C:\Windows\SYSTEM32\profapi.dll
0x00007ffbcb1c0000 - 0x00007ffbcb1d9000 	C:\javaStudy\eclipse\plugins\org.eclipse.justj.openjdk.hotspot.jre.full.win32.x86_64_17.0.9.v20231028-0858\jre\bin\net.dll
0x00007ffbe6040000 - 0x00007ffbe614a000 	C:\Windows\SYSTEM32\WINHTTP.dll
0x00007ffbeab00000 - 0x00007ffbeab6a000 	C:\Windows\system32\mswsock.dll
0x00007ffbcb1a0000 - 0x00007ffbcb1b6000 	C:\javaStudy\eclipse\plugins\org.eclipse.justj.openjdk.hotspot.jre.full.win32.x86_64_17.0.9.v20231028-0858\jre\bin\nio.dll

dbghelp: loaded successfully - version: 4.0.5 - missing functions: none
symbol engine: initialized successfully - sym options: 0x614 - pdb path: .;C:\javaStudy\eclipse\plugins\org.eclipse.justj.openjdk.hotspot.jre.full.win32.x86_64_17.0.9.v20231028-0858\jre\bin;C:\Windows\SYSTEM32;C:\Windows\WinSxS\amd64_microsoft.windows.common-controls_6595b64144ccf1df_6.0.19041.3636_none_60b6a03d71f818d5;C:\javaStudy\eclipse\plugins\org.eclipse.justj.openjdk.hotspot.jre.full.win32.x86_64_17.0.9.v20231028-0858\jre\bin\server

VM Arguments:
jvm_args: -Dfile.encoding=UTF-8 -Dstdout.encoding=UTF-8 -Dstderr.encoding=UTF-8 -XX:+ShowCodeDetailsInExceptionMessages 
java_command: work_admin.WorkApp
java_class_path (initial): C:\javaStudy\workspace\work_admin\bin;C:\Program Files\MySQL\mysql-connector-j-8.3.0.jar
Launcher Type: SUN_STANDARD

[Global flags]
     intx CICompilerCount                          = 3                                         {product} {ergonomic}
     uint ConcGCThreads                            = 1                                         {product} {ergonomic}
     uint G1ConcRefinementThreads                  = 4                                         {product} {ergonomic}
   size_t G1HeapRegionSize                         = 1048576                                   {product} {ergonomic}
    uintx GCDrainStackTargetSize                   = 64                                        {product} {ergonomic}
   size_t InitialHeapSize                          = 134217728                                 {product} {ergonomic}
   size_t MarkStackSize                            = 4194304                                   {product} {ergonomic}
   size_t MaxHeapSize                              = 2136997888                                {product} {ergonomic}
   size_t MaxNewSize                               = 1281359872                                {product} {ergonomic}
   size_t MinHeapDeltaBytes                        = 1048576                                   {product} {ergonomic}
   size_t MinHeapSize                              = 8388608                                   {product} {ergonomic}
    uintx NonNMethodCodeHeapSize                   = 5832780                                {pd product} {ergonomic}
    uintx NonProfiledCodeHeapSize                  = 122912730                              {pd product} {ergonomic}
    uintx ProfiledCodeHeapSize                     = 122912730                              {pd product} {ergonomic}
    uintx ReservedCodeCacheSize                    = 251658240                              {pd product} {ergonomic}
     bool SegmentedCodeCache                       = true                                      {product} {ergonomic}
     bool ShowCodeDetailsInExceptionMessages       = true                                   {manageable} {command line}
   size_t SoftMaxHeapSize                          = 2136997888                             {manageable} {ergonomic}
     bool UseCompressedClassPointers               = true                           {product lp64_product} {ergonomic}
     bool UseCompressedOops                        = true                           {product lp64_product} {ergonomic}
     bool UseG1GC                                  = true                                      {product} {ergonomic}
     bool UseLargePagesIndividualAllocation        = false                                  {pd product} {ergonomic}

Logging:
Log output configuration:
 #0: stdout all=warning uptime,level,tags
 #1: stderr all=off uptime,level,tags

Environment Variables:
PATH=C:/javaStudy/eclipse//plugins/org.eclipse.justj.openjdk.hotspot.jre.full.win32.x86_64_17.0.9.v20231028-0858/jre/bin/server;C:/javaStudy/eclipse//plugins/org.eclipse.justj.openjdk.hotspot.jre.full.win32.x86_64_17.0.9.v20231028-0858/jre/bin;C:\Program Files\Java\jdk-17\bin;C:\Program Files\Common Files\Oracle\Java\javapath;C:\Windows\system32;C:\Windows;C:\Windows\System32\Wbem;C:\Windows\System32\WindowsPowerShell\v1.0\;C:\Windows\System32\OpenSSH\;C:\Program Files\Bandizip\;C:\Program Files\MySQL\MySQL Shell 8.0\bin\;C:\Users\806-01\AppData\Local\Microsoft\WindowsApps;;C:\Users\806-01\AppData\Local\Programs\Microsoft VS Code\bin;C:\javaStudy\eclipse;
USERNAME=806-01
OS=Windows_NT
PROCESSOR_IDENTIFIER=Intel64 Family 6 Model 158 Stepping 9, GenuineIntel
TMP=C:\Users\806-01\AppData\Local\Temp
TEMP=C:\Users\806-01\AppData\Local\Temp



Periodic native trim disabled


---------------  S Y S T E M  ---------------

OS:
 Windows 10 , 64 bit Build 19041 (10.0.19041.3636)
OS uptime: 21 days 5:14 hours

CPU: total 4 (initial active 4) (4 cores per cpu, 1 threads per core) family 6 model 158 stepping 9 microcode 0xb4, cx8, cmov, fxsr, mmx, 3dnowpref, sse, sse2, sse3, ssse3, sse4.1, sse4.2, popcnt, lzcnt, tsc, tscinvbit, avx, avx2, aes, erms, clmul, bmi1, bmi2, rtm, adx, fma, vzeroupper, clflush, clflushopt
Processor Information for all 4 processors :
  Max Mhz: 3401, Current Mhz: 3401, Mhz Limit: 3401

Memory: 4k page, system-wide physical 8150M (1251M free)
TotalPageFile size 22384M (AvailPageFile size 4M)
current process WorkingSet (physical memory assigned to process): 39M, peak: 39M
current process commit charge ("private bytes"): 200M, peak: 200M

vm_info: OpenJDK 64-Bit Server VM (17.0.9+9) for windows-amd64 JRE (17.0.9+9), built on Oct 26 2023 14:01:42 by "admin" with MS VC++ 16.10 / 16.11 (VS2019)

END.
