#
# There is insufficient memory for the Java Runtime Environment to continue.
# Native memory allocation (malloc) failed to allocate 32744 bytes for ChunkPool::allocate
# Possible reasons:
#   The system is out of physical RAM or swap space
#   The process is running with CompressedOops enabled, and the Java Heap may be blocking the growth of the native heap
# Possible solutions:
#   Reduce memory load on the system
#   Increase physical memory or swap space
#   Check if swap backing store is full
#   Decrease Java heap size (-Xmx/-Xms)
#   Decrease number of Java threads
#   Decrease Java thread stack sizes (-Xss)
#   Set larger code cache with -XX:ReservedCodeCacheSize=
#   JVM is running with Unscaled Compressed Oops mode in which the Java heap is
#     placed in the first 4GB address space. The Java Heap base address is the
#     maximum limit for the native heap growth. Please use -XX:HeapBaseMinAddress
#     to set the Java Heap base and to place the Java Heap above 4GB virtual address.
# This output file may be truncated or incomplete.
#
#  Out of Memory Error (arena.cpp:79), pid=16000, tid=15868
#
# JRE version: OpenJDK Runtime Environment Temurin-17.0.9+9 (17.0.9+9) (build 17.0.9+9)
# Java VM: OpenJDK 64-Bit Server VM Temurin-17.0.9+9 (17.0.9+9, mixed mode, tiered, compressed oops, compressed class ptrs, g1 gc, windows-amd64)
# No core dump will be written. Minidumps are not enabled by default on client versions of Windows
#

---------------  S U M M A R Y ------------

Command Line: -Dfile.encoding=UTF-8 -Dstdout.encoding=UTF-8 -Dstderr.encoding=UTF-8 -XX:+ShowCodeDetailsInExceptionMessages work_admin.WorkApp

Host: Intel(R) Core(TM) i5-7500 CPU @ 3.40GHz, 4 cores, 7G,  Windows 10 , 64 bit Build 19041 (10.0.19041.3636)
Time: Wed Jan 31 18:49:00 2024  Windows 10 , 64 bit Build 19041 (10.0.19041.3636) elapsed time: 11879.988793 seconds (0d 3h 17m 59s)

---------------  T H R E A D  ---------------

Current thread (0x000001d5a4aa94e0):  JavaThread "C2 CompilerThread0" daemon [_thread_in_native, id=15868, stack(0x000000261f600000,0x000000261f700000)]


Current CompileTask:
C2:11879988 1346       4       java.net.URLStreamHandler::parseURL (1201 bytes)

Stack: [0x000000261f600000,0x000000261f700000]
Native frames: (J=compiled Java code, j=interpreted, Vv=VM code, C=native code)
V  [jvm.dll+0x67cf49]
V  [jvm.dll+0x83478a]
V  [jvm.dll+0x83624e]
V  [jvm.dll+0x8368b3]
V  [jvm.dll+0x247f1f]
V  [jvm.dll+0xac65c]
V  [jvm.dll+0xaca8c]
V  [jvm.dll+0x8b95b]
V  [jvm.dll+0x608ce5]
V  [jvm.dll+0x60e7eb]
V  [jvm.dll+0x60f5c2]
V  [jvm.dll+0x60db14]
V  [jvm.dll+0x21a428]
V  [jvm.dll+0x2199d1]
V  [jvm.dll+0x1a57cd]
V  [jvm.dll+0x2297ae]
V  [jvm.dll+0x22797c]
V  [jvm.dll+0x7e9877]
V  [jvm.dll+0x7e3c3a]
V  [jvm.dll+0x67be35]
C  [ucrtbase.dll+0x21bb2]
C  [KERNEL32.DLL+0x17344]
C  [ntdll.dll+0x526b1]


---------------  P R O C E S S  ---------------

Threads class SMR info:
_java_thread_list=0x000001d5a4aada60, length=13, elements={
0x000001d58b22d6f0, 0x000001d5a49e0020, 0x000001d5a49e3360, 0x000001d5a49b09c0,
0x000001d5a49b22a0, 0x000001d5a4a88070, 0x000001d5a4a8a0f0, 0x000001d5a4aa94e0,
0x000001d5a4aaee10, 0x000001d5a4ab1ed0, 0x000001d5a4c3a800, 0x000001d5a4c4e9a0,
0x000001d58b22e360
}

Java Threads: ( => current thread )
  0x000001d58b22d6f0 JavaThread "main" [_thread_in_native, id=6704, stack(0x000000261e900000,0x000000261ea00000)]
  0x000001d5a49e0020 JavaThread "Reference Handler" daemon [_thread_blocked, id=16108, stack(0x000000261f000000,0x000000261f100000)]
  0x000001d5a49e3360 JavaThread "Finalizer" daemon [_thread_blocked, id=14812, stack(0x000000261f100000,0x000000261f200000)]
  0x000001d5a49b09c0 JavaThread "Signal Dispatcher" daemon [_thread_blocked, id=14808, stack(0x000000261f200000,0x000000261f300000)]
  0x000001d5a49b22a0 JavaThread "Attach Listener" daemon [_thread_blocked, id=16276, stack(0x000000261f300000,0x000000261f400000)]
  0x000001d5a4a88070 JavaThread "Service Thread" daemon [_thread_blocked, id=15208, stack(0x000000261f400000,0x000000261f500000)]
  0x000001d5a4a8a0f0 JavaThread "Monitor Deflation Thread" daemon [_thread_blocked, id=16260, stack(0x000000261f500000,0x000000261f600000)]
=>0x000001d5a4aa94e0 JavaThread "C2 CompilerThread0" daemon [_thread_in_native, id=15868, stack(0x000000261f600000,0x000000261f700000)]
  0x000001d5a4aaee10 JavaThread "C1 CompilerThread0" daemon [_thread_blocked, id=552, stack(0x000000261f700000,0x000000261f800000)]
  0x000001d5a4ab1ed0 JavaThread "Sweeper thread" daemon [_thread_blocked, id=16316, stack(0x000000261f800000,0x000000261f900000)]
  0x000001d5a4c3a800 JavaThread "Notification Thread" daemon [_thread_blocked, id=7076, stack(0x000000261f900000,0x000000261fa00000)]
  0x000001d5a4c4e9a0 JavaThread "Common-Cleaner" daemon [_thread_blocked, id=8300, stack(0x000000261fb00000,0x000000261fc00000)]
  0x000001d58b22e360 JavaThread "mysql-cj-abandoned-connection-cleanup" daemon [_thread_blocked, id=1148, stack(0x000000261fc00000,0x000000261fd00000)]

Other Threads:
  0x000001d5a49cc070 VMThread "VM Thread" [stack: 0x000000261ef00000,0x000000261f000000] [id=11212]
  0x000001d5a4c3ccf0 WatcherThread [stack: 0x000000261fa00000,0x000000261fb00000] [id=8808]
  0x000001d58b287640 GCTaskThread "GC Thread#0" [stack: 0x000000261ea00000,0x000000261eb00000] [id=9036]
  0x000001d5a91e0010 GCTaskThread "GC Thread#1" [stack: 0x000000261fe00000,0x000000261ff00000] [id=15212]
  0x000001d5a91e02d0 GCTaskThread "GC Thread#2" [stack: 0x000000261ff00000,0x0000002620000000] [id=16272]
  0x000001d5a95d6d90 GCTaskThread "GC Thread#3" [stack: 0x0000002620000000,0x0000002620100000] [id=16024]
  0x000001d58b298360 ConcurrentGCThread "G1 Main Marker" [stack: 0x000000261eb00000,0x000000261ec00000] [id=14440]
  0x000001d58b299430 ConcurrentGCThread "G1 Conc#0" [stack: 0x000000261ec00000,0x000000261ed00000] [id=5576]
  0x000001d58b2ed980 ConcurrentGCThread "G1 Refine#0" [stack: 0x000000261ed00000,0x000000261ee00000] [id=14660]
  0x000001d58b2ee2c0 ConcurrentGCThread "G1 Service" [stack: 0x000000261ee00000,0x000000261ef00000] [id=6872]

Threads with active compile tasks:
C2 CompilerThread0  11880019 1346       4       java.net.URLStreamHandler::parseURL (1201 bytes)

VM state: not at safepoint (normal execution)

VM Mutex/Monitor currently owned by a thread: None

Heap address: 0x0000000080a00000, size: 2038 MB, Compressed Oops mode: 32-bit

CDS archive(s) not mapped
Compressed class space mapped at: 0x0000000100000000-0x0000000140000000, reserved size: 1073741824
Narrow klass base: 0x0000000000000000, Narrow klass shift: 3, Narrow klass range: 0x140000000

GC Precious Log:
 CPUs: 4 total, 4 available
 Memory: 8150M
 Large Page Support: Disabled
 NUMA Support: Disabled
 Compressed Oops: Enabled (32-bit)
 Heap Region Size: 1M
 Heap Min Capacity: 8M
 Heap Initial Capacity: 128M
 Heap Max Capacity: 2038M
 Pre-touch: Disabled
 Parallel Workers: 4
 Concurrent Workers: 1
 Concurrent Refinement Workers: 4
 Periodic GC: Disabled

Heap:
 garbage-first heap   total 131072K, used 9739K [0x0000000080a00000, 0x0000000100000000)
  region size 1024K, 9 young (9216K), 2 survivors (2048K)
 Metaspace       used 18671K, committed 18880K, reserved 1114112K
  class space    used 1853K, committed 1984K, reserved 1048576K

Heap Regions: E=young(eden), S=young(survivor), O=old, HS=humongous(starts), HC=humongous(continues), CS=collection set, F=free, OA=open archive, CA=closed archive, TAMS=top-at-mark-start (previous, next)
|   0|0x0000000080a00000, 0x0000000080b00000, 0x0000000080b00000|100%| O|  |TAMS 0x0000000080a00000, 0x0000000080a00000| Untracked 
|   1|0x0000000080b00000, 0x0000000080b82c00, 0x0000000080c00000| 51%| O|  |TAMS 0x0000000080b00000, 0x0000000080b00000| Untracked 
|   2|0x0000000080c00000, 0x0000000080c00000, 0x0000000080d00000|  0%| F|  |TAMS 0x0000000080c00000, 0x0000000080c00000| Untracked 
|   3|0x0000000080d00000, 0x0000000080d00000, 0x0000000080e00000|  0%| F|  |TAMS 0x0000000080d00000, 0x0000000080d00000| Untracked 
|   4|0x0000000080e00000, 0x0000000080e00000, 0x0000000080f00000|  0%| F|  |TAMS 0x0000000080e00000, 0x0000000080e00000| Untracked 
|   5|0x0000000080f00000, 0x0000000080f00000, 0x0000000081000000|  0%| F|  |TAMS 0x0000000080f00000, 0x0000000080f00000| Untracked 
|   6|0x0000000081000000, 0x0000000081000000, 0x0000000081100000|  0%| F|  |TAMS 0x0000000081000000, 0x0000000081000000| Untracked 
|   7|0x0000000081100000, 0x0000000081100000, 0x0000000081200000|  0%| F|  |TAMS 0x0000000081100000, 0x0000000081100000| Untracked 
|   8|0x0000000081200000, 0x0000000081200000, 0x0000000081300000|  0%| F|  |TAMS 0x0000000081200000, 0x0000000081200000| Untracked 
|   9|0x0000000081300000, 0x0000000081300000, 0x0000000081400000|  0%| F|  |TAMS 0x0000000081300000, 0x0000000081300000| Untracked 
|  10|0x0000000081400000, 0x0000000081400000, 0x0000000081500000|  0%| F|  |TAMS 0x0000000081400000, 0x0000000081400000| Untracked 
|  11|0x0000000081500000, 0x0000000081500000, 0x0000000081600000|  0%| F|  |TAMS 0x0000000081500000, 0x0000000081500000| Untracked 
|  12|0x0000000081600000, 0x0000000081600000, 0x0000000081700000|  0%| F|  |TAMS 0x0000000081600000, 0x0000000081600000| Untracked 
|  13|0x0000000081700000, 0x0000000081700000, 0x0000000081800000|  0%| F|  |TAMS 0x0000000081700000, 0x0000000081700000| Untracked 
|  14|0x0000000081800000, 0x0000000081800000, 0x0000000081900000|  0%| F|  |TAMS 0x0000000081800000, 0x0000000081800000| Untracked 
|  15|0x0000000081900000, 0x0000000081900000, 0x0000000081a00000|  0%| F|  |TAMS 0x0000000081900000, 0x0000000081900000| Untracked 
|  16|0x0000000081a00000, 0x0000000081a00000, 0x0000000081b00000|  0%| F|  |TAMS 0x0000000081a00000, 0x0000000081a00000| Untracked 
|  17|0x0000000081b00000, 0x0000000081b00000, 0x0000000081c00000|  0%| F|  |TAMS 0x0000000081b00000, 0x0000000081b00000| Untracked 
|  18|0x0000000081c00000, 0x0000000081c00000, 0x0000000081d00000|  0%| F|  |TAMS 0x0000000081c00000, 0x0000000081c00000| Untracked 
|  19|0x0000000081d00000, 0x0000000081d00000, 0x0000000081e00000|  0%| F|  |TAMS 0x0000000081d00000, 0x0000000081d00000| Untracked 
|  20|0x0000000081e00000, 0x0000000081e00000, 0x0000000081f00000|  0%| F|  |TAMS 0x0000000081e00000, 0x0000000081e00000| Untracked 
|  21|0x0000000081f00000, 0x0000000081f00000, 0x0000000082000000|  0%| F|  |TAMS 0x0000000081f00000, 0x0000000081f00000| Untracked 
|  22|0x0000000082000000, 0x0000000082000000, 0x0000000082100000|  0%| F|  |TAMS 0x0000000082000000, 0x0000000082000000| Untracked 
|  23|0x0000000082100000, 0x0000000082100000, 0x0000000082200000|  0%| F|  |TAMS 0x0000000082100000, 0x0000000082100000| Untracked 
|  24|0x0000000082200000, 0x0000000082200000, 0x0000000082300000|  0%| F|  |TAMS 0x0000000082200000, 0x0000000082200000| Untracked 
|  25|0x0000000082300000, 0x0000000082300000, 0x0000000082400000|  0%| F|  |TAMS 0x0000000082300000, 0x0000000082300000| Untracked 
|  26|0x0000000082400000, 0x0000000082400000, 0x0000000082500000|  0%| F|  |TAMS 0x0000000082400000, 0x0000000082400000| Untracked 
|  27|0x0000000082500000, 0x0000000082500000, 0x0000000082600000|  0%| F|  |TAMS 0x0000000082500000, 0x0000000082500000| Untracked 
|  28|0x0000000082600000, 0x0000000082600000, 0x0000000082700000|  0%| F|  |TAMS 0x0000000082600000, 0x0000000082600000| Untracked 
|  29|0x0000000082700000, 0x0000000082700000, 0x0000000082800000|  0%| F|  |TAMS 0x0000000082700000, 0x0000000082700000| Untracked 
|  30|0x0000000082800000, 0x0000000082800000, 0x0000000082900000|  0%| F|  |TAMS 0x0000000082800000, 0x0000000082800000| Untracked 
|  31|0x0000000082900000, 0x0000000082900000, 0x0000000082a00000|  0%| F|  |TAMS 0x0000000082900000, 0x0000000082900000| Untracked 
|  32|0x0000000082a00000, 0x0000000082a00000, 0x0000000082b00000|  0%| F|  |TAMS 0x0000000082a00000, 0x0000000082a00000| Untracked 
|  33|0x0000000082b00000, 0x0000000082b00000, 0x0000000082c00000|  0%| F|  |TAMS 0x0000000082b00000, 0x0000000082b00000| Untracked 
|  34|0x0000000082c00000, 0x0000000082c00000, 0x0000000082d00000|  0%| F|  |TAMS 0x0000000082c00000, 0x0000000082c00000| Untracked 
|  35|0x0000000082d00000, 0x0000000082d00000, 0x0000000082e00000|  0%| F|  |TAMS 0x0000000082d00000, 0x0000000082d00000| Untracked 
|  36|0x0000000082e00000, 0x0000000082e00000, 0x0000000082f00000|  0%| F|  |TAMS 0x0000000082e00000, 0x0000000082e00000| Untracked 
|  37|0x0000000082f00000, 0x0000000082f00000, 0x0000000083000000|  0%| F|  |TAMS 0x0000000082f00000, 0x0000000082f00000| Untracked 
|  38|0x0000000083000000, 0x0000000083000000, 0x0000000083100000|  0%| F|  |TAMS 0x0000000083000000, 0x0000000083000000| Untracked 
|  39|0x0000000083100000, 0x0000000083100000, 0x0000000083200000|  0%| F|  |TAMS 0x0000000083100000, 0x0000000083100000| Untracked 
|  40|0x0000000083200000, 0x0000000083200000, 0x0000000083300000|  0%| F|  |TAMS 0x0000000083200000, 0x0000000083200000| Untracked 
|  41|0x0000000083300000, 0x0000000083300000, 0x0000000083400000|  0%| F|  |TAMS 0x0000000083300000, 0x0000000083300000| Untracked 
|  42|0x0000000083400000, 0x0000000083400000, 0x0000000083500000|  0%| F|  |TAMS 0x0000000083400000, 0x0000000083400000| Untracked 
|  43|0x0000000083500000, 0x0000000083500000, 0x0000000083600000|  0%| F|  |TAMS 0x0000000083500000, 0x0000000083500000| Untracked 
|  44|0x0000000083600000, 0x0000000083600000, 0x0000000083700000|  0%| F|  |TAMS 0x0000000083600000, 0x0000000083600000| Untracked 
|  45|0x0000000083700000, 0x0000000083700000, 0x0000000083800000|  0%| F|  |TAMS 0x0000000083700000, 0x0000000083700000| Untracked 
|  46|0x0000000083800000, 0x0000000083800000, 0x0000000083900000|  0%| F|  |TAMS 0x0000000083800000, 0x0000000083800000| Untracked 
|  47|0x0000000083900000, 0x0000000083900000, 0x0000000083a00000|  0%| F|  |TAMS 0x0000000083900000, 0x0000000083900000| Untracked 
|  48|0x0000000083a00000, 0x0000000083a00000, 0x0000000083b00000|  0%| F|  |TAMS 0x0000000083a00000, 0x0000000083a00000| Untracked 
|  49|0x0000000083b00000, 0x0000000083b00000, 0x0000000083c00000|  0%| F|  |TAMS 0x0000000083b00000, 0x0000000083b00000| Untracked 
|  50|0x0000000083c00000, 0x0000000083c00000, 0x0000000083d00000|  0%| F|  |TAMS 0x0000000083c00000, 0x0000000083c00000| Untracked 
|  51|0x0000000083d00000, 0x0000000083d00000, 0x0000000083e00000|  0%| F|  |TAMS 0x0000000083d00000, 0x0000000083d00000| Untracked 
|  52|0x0000000083e00000, 0x0000000083e00000, 0x0000000083f00000|  0%| F|  |TAMS 0x0000000083e00000, 0x0000000083e00000| Untracked 
|  53|0x0000000083f00000, 0x0000000083f00000, 0x0000000084000000|  0%| F|  |TAMS 0x0000000083f00000, 0x0000000083f00000| Untracked 
|  54|0x0000000084000000, 0x0000000084000000, 0x0000000084100000|  0%| F|  |TAMS 0x0000000084000000, 0x0000000084000000| Untracked 
|  55|0x0000000084100000, 0x0000000084100000, 0x0000000084200000|  0%| F|  |TAMS 0x0000000084100000, 0x0000000084100000| Untracked 
|  56|0x0000000084200000, 0x0000000084200000, 0x0000000084300000|  0%| F|  |TAMS 0x0000000084200000, 0x0000000084200000| Untracked 
|  57|0x0000000084300000, 0x0000000084300000, 0x0000000084400000|  0%| F|  |TAMS 0x0000000084300000, 0x0000000084300000| Untracked 
|  58|0x0000000084400000, 0x0000000084400000, 0x0000000084500000|  0%| F|  |TAMS 0x0000000084400000, 0x0000000084400000| Untracked 
|  59|0x0000000084500000, 0x0000000084500000, 0x0000000084600000|  0%| F|  |TAMS 0x0000000084500000, 0x0000000084500000| Untracked 
|  60|0x0000000084600000, 0x0000000084600000, 0x0000000084700000|  0%| F|  |TAMS 0x0000000084600000, 0x0000000084600000| Untracked 
|  61|0x0000000084700000, 0x0000000084700000, 0x0000000084800000|  0%| F|  |TAMS 0x0000000084700000, 0x0000000084700000| Untracked 
|  62|0x0000000084800000, 0x0000000084800000, 0x0000000084900000|  0%| F|  |TAMS 0x0000000084800000, 0x0000000084800000| Untracked 
|  63|0x0000000084900000, 0x0000000084900000, 0x0000000084a00000|  0%| F|  |TAMS 0x0000000084900000, 0x0000000084900000| Untracked 
|  64|0x0000000084a00000, 0x0000000084a00000, 0x0000000084b00000|  0%| F|  |TAMS 0x0000000084a00000, 0x0000000084a00000| Untracked 
|  65|0x0000000084b00000, 0x0000000084b00000, 0x0000000084c00000|  0%| F|  |TAMS 0x0000000084b00000, 0x0000000084b00000| Untracked 
|  66|0x0000000084c00000, 0x0000000084c00000, 0x0000000084d00000|  0%| F|  |TAMS 0x0000000084c00000, 0x0000000084c00000| Untracked 
|  67|0x0000000084d00000, 0x0000000084d00000, 0x0000000084e00000|  0%| F|  |TAMS 0x0000000084d00000, 0x0000000084d00000| Untracked 
|  68|0x0000000084e00000, 0x0000000084e00000, 0x0000000084f00000|  0%| F|  |TAMS 0x0000000084e00000, 0x0000000084e00000| Untracked 
|  69|0x0000000084f00000, 0x0000000084f00000, 0x0000000085000000|  0%| F|  |TAMS 0x0000000084f00000, 0x0000000084f00000| Untracked 
|  70|0x0000000085000000, 0x0000000085000000, 0x0000000085100000|  0%| F|  |TAMS 0x0000000085000000, 0x0000000085000000| Untracked 
|  71|0x0000000085100000, 0x0000000085100000, 0x0000000085200000|  0%| F|  |TAMS 0x0000000085100000, 0x0000000085100000| Untracked 
|  72|0x0000000085200000, 0x0000000085200000, 0x0000000085300000|  0%| F|  |TAMS 0x0000000085200000, 0x0000000085200000| Untracked 
|  73|0x0000000085300000, 0x0000000085300000, 0x0000000085400000|  0%| F|  |TAMS 0x0000000085300000, 0x0000000085300000| Untracked 
|  74|0x0000000085400000, 0x0000000085400000, 0x0000000085500000|  0%| F|  |TAMS 0x0000000085400000, 0x0000000085400000| Untracked 
|  75|0x0000000085500000, 0x0000000085500000, 0x0000000085600000|  0%| F|  |TAMS 0x0000000085500000, 0x0000000085500000| Untracked 
|  76|0x0000000085600000, 0x0000000085600000, 0x0000000085700000|  0%| F|  |TAMS 0x0000000085600000, 0x0000000085600000| Untracked 
|  77|0x0000000085700000, 0x0000000085700000, 0x0000000085800000|  0%| F|  |TAMS 0x0000000085700000, 0x0000000085700000| Untracked 
|  78|0x0000000085800000, 0x0000000085800000, 0x0000000085900000|  0%| F|  |TAMS 0x0000000085800000, 0x0000000085800000| Untracked 
|  79|0x0000000085900000, 0x0000000085900000, 0x0000000085a00000|  0%| F|  |TAMS 0x0000000085900000, 0x0000000085900000| Untracked 
|  80|0x0000000085a00000, 0x0000000085a00000, 0x0000000085b00000|  0%| F|  |TAMS 0x0000000085a00000, 0x0000000085a00000| Untracked 
|  81|0x0000000085b00000, 0x0000000085b00000, 0x0000000085c00000|  0%| F|  |TAMS 0x0000000085b00000, 0x0000000085b00000| Untracked 
|  82|0x0000000085c00000, 0x0000000085c00000, 0x0000000085d00000|  0%| F|  |TAMS 0x0000000085c00000, 0x0000000085c00000| Untracked 
|  83|0x0000000085d00000, 0x0000000085d00000, 0x0000000085e00000|  0%| F|  |TAMS 0x0000000085d00000, 0x0000000085d00000| Untracked 
|  84|0x0000000085e00000, 0x0000000085e00000, 0x0000000085f00000|  0%| F|  |TAMS 0x0000000085e00000, 0x0000000085e00000| Untracked 
|  85|0x0000000085f00000, 0x0000000085f00000, 0x0000000086000000|  0%| F|  |TAMS 0x0000000085f00000, 0x0000000085f00000| Untracked 
|  86|0x0000000086000000, 0x0000000086000000, 0x0000000086100000|  0%| F|  |TAMS 0x0000000086000000, 0x0000000086000000| Untracked 
|  87|0x0000000086100000, 0x0000000086100000, 0x0000000086200000|  0%| F|  |TAMS 0x0000000086100000, 0x0000000086100000| Untracked 
|  88|0x0000000086200000, 0x0000000086200000, 0x0000000086300000|  0%| F|  |TAMS 0x0000000086200000, 0x0000000086200000| Untracked 
|  89|0x0000000086300000, 0x0000000086300000, 0x0000000086400000|  0%| F|  |TAMS 0x0000000086300000, 0x0000000086300000| Untracked 
|  90|0x0000000086400000, 0x0000000086400000, 0x0000000086500000|  0%| F|  |TAMS 0x0000000086400000, 0x0000000086400000| Untracked 
|  91|0x0000000086500000, 0x0000000086500000, 0x0000000086600000|  0%| F|  |TAMS 0x0000000086500000, 0x0000000086500000| Untracked 
|  92|0x0000000086600000, 0x0000000086600000, 0x0000000086700000|  0%| F|  |TAMS 0x0000000086600000, 0x0000000086600000| Untracked 
|  93|0x0000000086700000, 0x0000000086700000, 0x0000000086800000|  0%| F|  |TAMS 0x0000000086700000, 0x0000000086700000| Untracked 
|  94|0x0000000086800000, 0x0000000086800000, 0x0000000086900000|  0%| F|  |TAMS 0x0000000086800000, 0x0000000086800000| Untracked 
|  95|0x0000000086900000, 0x0000000086900000, 0x0000000086a00000|  0%| F|  |TAMS 0x0000000086900000, 0x0000000086900000| Untracked 
|  96|0x0000000086a00000, 0x0000000086a00000, 0x0000000086b00000|  0%| F|  |TAMS 0x0000000086a00000, 0x0000000086a00000| Untracked 
|  97|0x0000000086b00000, 0x0000000086b00000, 0x0000000086c00000|  0%| F|  |TAMS 0x0000000086b00000, 0x0000000086b00000| Untracked 
|  98|0x0000000086c00000, 0x0000000086c00000, 0x0000000086d00000|  0%| F|  |TAMS 0x0000000086c00000, 0x0000000086c00000| Untracked 
|  99|0x0000000086d00000, 0x0000000086d00000, 0x0000000086e00000|  0%| F|  |TAMS 0x0000000086d00000, 0x0000000086d00000| Untracked 
| 100|0x0000000086e00000, 0x0000000086e00000, 0x0000000086f00000|  0%| F|  |TAMS 0x0000000086e00000, 0x0000000086e00000| Untracked 
| 101|0x0000000086f00000, 0x0000000086f00000, 0x0000000087000000|  0%| F|  |TAMS 0x0000000086f00000, 0x0000000086f00000| Untracked 
| 102|0x0000000087000000, 0x0000000087000000, 0x0000000087100000|  0%| F|  |TAMS 0x0000000087000000, 0x0000000087000000| Untracked 
| 103|0x0000000087100000, 0x0000000087100000, 0x0000000087200000|  0%| F|  |TAMS 0x0000000087100000, 0x0000000087100000| Untracked 
| 104|0x0000000087200000, 0x0000000087200000, 0x0000000087300000|  0%| F|  |TAMS 0x0000000087200000, 0x0000000087200000| Untracked 
| 105|0x0000000087300000, 0x0000000087300000, 0x0000000087400000|  0%| F|  |TAMS 0x0000000087300000, 0x0000000087300000| Untracked 
| 106|0x0000000087400000, 0x0000000087400000, 0x0000000087500000|  0%| F|  |TAMS 0x0000000087400000, 0x0000000087400000| Untracked 
| 107|0x0000000087500000, 0x0000000087500000, 0x0000000087600000|  0%| F|  |TAMS 0x0000000087500000, 0x0000000087500000| Untracked 
| 108|0x0000000087600000, 0x0000000087600000, 0x0000000087700000|  0%| F|  |TAMS 0x0000000087600000, 0x0000000087600000| Untracked 
| 109|0x0000000087700000, 0x0000000087700000, 0x0000000087800000|  0%| F|  |TAMS 0x0000000087700000, 0x0000000087700000| Untracked 
| 110|0x0000000087800000, 0x0000000087800000, 0x0000000087900000|  0%| F|  |TAMS 0x0000000087800000, 0x0000000087800000| Untracked 
| 111|0x0000000087900000, 0x0000000087900000, 0x0000000087a00000|  0%| F|  |TAMS 0x0000000087900000, 0x0000000087900000| Untracked 
| 112|0x0000000087a00000, 0x0000000087a00000, 0x0000000087b00000|  0%| F|  |TAMS 0x0000000087a00000, 0x0000000087a00000| Untracked 
| 113|0x0000000087b00000, 0x0000000087c00000, 0x0000000087c00000|100%| S|CS|TAMS 0x0000000087b00000, 0x0000000087b00000| Complete 
| 114|0x0000000087c00000, 0x0000000087d00000, 0x0000000087d00000|100%| S|CS|TAMS 0x0000000087c00000, 0x0000000087c00000| Complete 
| 115|0x0000000087d00000, 0x0000000087d00000, 0x0000000087e00000|  0%| F|  |TAMS 0x0000000087d00000, 0x0000000087d00000| Untracked 
| 116|0x0000000087e00000, 0x0000000087e00000, 0x0000000087f00000|  0%| F|  |TAMS 0x0000000087e00000, 0x0000000087e00000| Untracked 
| 117|0x0000000087f00000, 0x0000000087f00000, 0x0000000088000000|  0%| F|  |TAMS 0x0000000087f00000, 0x0000000087f00000| Untracked 
| 118|0x0000000088000000, 0x0000000088000000, 0x0000000088100000|  0%| F|  |TAMS 0x0000000088000000, 0x0000000088000000| Untracked 
| 119|0x0000000088100000, 0x0000000088100000, 0x0000000088200000|  0%| F|  |TAMS 0x0000000088100000, 0x0000000088100000| Untracked 
| 120|0x0000000088200000, 0x0000000088200000, 0x0000000088300000|  0%| F|  |TAMS 0x0000000088200000, 0x0000000088200000| Untracked 
| 121|0x0000000088300000, 0x00000000883d79e0, 0x0000000088400000| 84%| E|  |TAMS 0x0000000088300000, 0x0000000088300000| Complete 
| 122|0x0000000088400000, 0x0000000088500000, 0x0000000088500000|100%| E|CS|TAMS 0x0000000088400000, 0x0000000088400000| Complete 
| 123|0x0000000088500000, 0x0000000088600000, 0x0000000088600000|100%| E|CS|TAMS 0x0000000088500000, 0x0000000088500000| Complete 
| 124|0x0000000088600000, 0x0000000088700000, 0x0000000088700000|100%| E|CS|TAMS 0x0000000088600000, 0x0000000088600000| Complete 
| 125|0x0000000088700000, 0x0000000088800000, 0x0000000088800000|100%| E|CS|TAMS 0x0000000088700000, 0x0000000088700000| Complete 
| 126|0x0000000088800000, 0x0000000088900000, 0x0000000088900000|100%| E|CS|TAMS 0x0000000088800000, 0x0000000088800000| Complete 
| 127|0x0000000088900000, 0x0000000088a00000, 0x0000000088a00000|100%| E|CS|TAMS 0x0000000088900000, 0x0000000088900000| Complete 

Card table byte_map: [0x000001d59dd00000,0x000001d59e100000] _byte_map_base: 0x000001d59d8fb000

Marking Bits (Prev, Next): (CMBitMap*) 0x000001d58b287b70, (CMBitMap*) 0x000001d58b287bb0
 Prev Bits: [0x000001d59e500000, 0x000001d5a04d8000)
 Next Bits: [0x000001d5a04e0000, 0x000001d5a24b8000)

Polling page: 0x000001d58a9f0000

Metaspace:

Usage:
  Non-class:     16.42 MB used.
      Class:      1.81 MB used.
       Both:     18.23 MB used.

Virtual space:
  Non-class space:       64.00 MB reserved,      16.50 MB ( 26%) committed,  1 nodes.
      Class space:        1.00 GB reserved,       1.94 MB ( <1%) committed,  1 nodes.
             Both:        1.06 GB reserved,      18.44 MB (  2%) committed. 

Chunk freelists:
   Non-Class:  14.60 MB
       Class:  14.05 MB
        Both:  28.65 MB

MaxMetaspaceSize: unlimited
CompressedClassSpaceSize: 1.00 GB
Initial GC threshold: 21.00 MB
Current GC threshold: 21.00 MB
CDS: off
MetaspaceReclaimPolicy: balanced
 - commit_granule_bytes: 65536.
 - commit_granule_words: 8192.
 - virtual_space_node_default_size: 8388608.
 - enlarge_chunks_in_place: 1.
 - new_chunks_are_fully_committed: 0.
 - uncommit_free_chunks: 1.
 - use_allocation_guard: 0.
 - handle_deallocations: 1.


Internal statistics:

num_allocs_failed_limit: 0.
num_arena_births: 88.
num_arena_deaths: 0.
num_vsnodes_births: 2.
num_vsnodes_deaths: 0.
num_space_committed: 295.
num_space_uncommitted: 0.
num_chunks_returned_to_freelist: 0.
num_chunks_taken_from_freelist: 284.
num_chunk_merges: 0.
num_chunk_splits: 174.
num_chunks_enlarged: 119.
num_inconsistent_stats: 0.

CodeHeap 'non-profiled nmethods': size=120000Kb used=507Kb max_used=507Kb free=119492Kb
 bounds [0x000001d5963d0000, 0x000001d596640000, 0x000001d59d900000]
CodeHeap 'profiled nmethods': size=120000Kb used=2343Kb max_used=2343Kb free=117657Kb
 bounds [0x000001d58e900000, 0x000001d58eb70000, 0x000001d595e30000]
CodeHeap 'non-nmethods': size=5760Kb used=1228Kb max_used=1270Kb free=4531Kb
 bounds [0x000001d595e30000, 0x000001d5960a0000, 0x000001d5963d0000]
 total_blobs=1881 nmethods=1345 adapters=449
 compilation: enabled
              stopped_count=0, restarted_count=0
 full_count=0

Compilation events (20 events):
Event: 8935.360 Thread 0x000001d5a4aa94e0 nmethod 1336 0x000001d59643fe10 code [0x000001d59643ffa0, 0x000001d596440198]
Event: 8935.360 Thread 0x000001d5a4aa94e0 1337   !   4       jdk.internal.loader.BuiltinClassLoader::findMiscResource (122 bytes)
Event: 8935.384 Thread 0x000001d5a4aa94e0 nmethod 1337 0x000001d596440390 code [0x000001d596440540, 0x000001d596440dd8]
Event: 8955.390 Thread 0x000001d5a4aa94e0 1338   !   4       jdk.internal.loader.BuiltinClassLoader::findResource (154 bytes)
Event: 8955.502 Thread 0x000001d5a4aa94e0 nmethod 1338 0x000001d596441410 code [0x000001d596441840, 0x000001d596445aa8]
Event: 9062.524 Thread 0x000001d5a4aaee10 1339   !   3       jdk.internal.ref.PhantomCleanable::isListEmpty (34 bytes)
Event: 9062.524 Thread 0x000001d5a4aaee10 nmethod 1339 0x000001d58eb49310 code [0x000001d58eb494a0, 0x000001d58eb496f8]
Event: 9062.524 Thread 0x000001d5a4aaee10 1340       3       jdk.internal.misc.InnocuousThread::eraseThreadLocals (23 bytes)
Event: 9062.524 Thread 0x000001d5a4aaee10 nmethod 1340 0x000001d58eb49810 code [0x000001d58eb499a0, 0x000001d58eb49b98]
Event: 9270.950 Thread 0x000001d5a4aa94e0 1341       4       java.lang.String::regionMatches (150 bytes)
Event: 9270.987 Thread 0x000001d5a4aa94e0 nmethod 1341 0x000001d596448610 code [0x000001d5964487c0, 0x000001d596448f18]
Event: 10597.970 Thread 0x000001d5a4aa94e0 1342       4       java.lang.String::indexOf (64 bytes)
Event: 10597.974 Thread 0x000001d5a4aa94e0 nmethod 1342 0x000001d596449490 code [0x000001d596449600, 0x000001d596449858]
Event: 11329.111 Thread 0x000001d5a4aa94e0 1343       4       java.lang.ref.ReferenceQueue::reallyPoll (65 bytes)
Event: 11329.113 Thread 0x000001d5a4aa94e0 nmethod 1343 0x000001d596449910 code [0x000001d596449aa0, 0x000001d596449dd8]
Event: 11389.187 Thread 0x000001d5a4aa94e0 1344   !   4       java.net.URL::<init> (543 bytes)
Event: 11389.237 Thread 0x000001d5a4aa94e0 nmethod 1344 0x000001d596449e90 code [0x000001d59644a140, 0x000001d59644c530]
Event: 11429.249 Thread 0x000001d5a4aa94e0 1345       4       java.net.URLStreamHandler::setURL (73 bytes)
Event: 11429.279 Thread 0x000001d5a4aa94e0 nmethod 1345 0x000001d59644d790 code [0x000001d59644d960, 0x000001d59644e7b0]
Event: 11879.929 Thread 0x000001d5a4aa94e0 1346       4       java.net.URLStreamHandler::parseURL (1201 bytes)

GC Heap History (2 events):
Event: 1.359 GC heap before
{Heap before GC invocations=0 (full 0):
 garbage-first heap   total 131072K, used 12288K [0x0000000080a00000, 0x0000000100000000)
  region size 1024K, 13 young (13312K), 0 survivors (0K)
 Metaspace       used 13672K, committed 13888K, reserved 1114112K
  class space    used 1281K, committed 1408K, reserved 1048576K
}
Event: 1.363 GC heap after
{Heap after GC invocations=1 (full 0):
 garbage-first heap   total 131072K, used 3595K [0x0000000080a00000, 0x0000000100000000)
  region size 1024K, 2 young (2048K), 2 survivors (2048K)
 Metaspace       used 13672K, committed 13888K, reserved 1114112K
  class space    used 1281K, committed 1408K, reserved 1048576K
}

Dll operation events (6 events):
Event: 0.006 Loaded shared library C:\javaStudy\eclipse\plugins\org.eclipse.justj.openjdk.hotspot.jre.full.win32.x86_64_17.0.9.v20231028-0858\jre\bin\java.dll
Event: 0.103 Loaded shared library C:\javaStudy\eclipse\plugins\org.eclipse.justj.openjdk.hotspot.jre.full.win32.x86_64_17.0.9.v20231028-0858\jre\bin\jimage.dll
Event: 0.119 Loaded shared library C:\javaStudy\eclipse\plugins\org.eclipse.justj.openjdk.hotspot.jre.full.win32.x86_64_17.0.9.v20231028-0858\jre\bin\zip.dll
Event: 1.055 Loaded shared library C:\javaStudy\eclipse\plugins\org.eclipse.justj.openjdk.hotspot.jre.full.win32.x86_64_17.0.9.v20231028-0858\jre\bin\net.dll
Event: 1.056 Loaded shared library C:\javaStudy\eclipse\plugins\org.eclipse.justj.openjdk.hotspot.jre.full.win32.x86_64_17.0.9.v20231028-0858\jre\bin\nio.dll
Event: 1.305 Loaded shared library C:\javaStudy\eclipse\plugins\org.eclipse.justj.openjdk.hotspot.jre.full.win32.x86_64_17.0.9.v20231028-0858\jre\bin\sunmscapi.dll

Deoptimization events (20 events):
Event: 1.514 Thread 0x000001d58b22d6f0 DEOPT PACKING pc=0x000001d5964124a0 sp=0x000000261e9fe1e0
Event: 1.514 Thread 0x000001d58b22d6f0 DEOPT UNPACKING pc=0x000001d595e869a3 sp=0x000000261e9fe180 mode 2
Event: 1.514 Thread 0x000001d58b22d6f0 Uncommon trap: trap_request=0xffffffde fr.pc=0x000001d5964124a0 relative=0x0000000000000580
Event: 1.514 Thread 0x000001d58b22d6f0 Uncommon trap: reason=class_check action=maybe_recompile pc=0x000001d5964124a0 method=java.util.HashMap.putVal(ILjava/lang/Object;Ljava/lang/Object;ZZ)Ljava/lang/Object; @ 253 c2
Event: 1.514 Thread 0x000001d58b22d6f0 DEOPT PACKING pc=0x000001d5964124a0 sp=0x000000261e9fe1e0
Event: 1.514 Thread 0x000001d58b22d6f0 DEOPT UNPACKING pc=0x000001d595e869a3 sp=0x000000261e9fe180 mode 2
Event: 1.527 Thread 0x000001d58b22d6f0 Uncommon trap: trap_request=0xffffff45 fr.pc=0x000001d5963ebc94 relative=0x0000000000000194
Event: 1.527 Thread 0x000001d58b22d6f0 Uncommon trap: reason=unstable_if action=reinterpret pc=0x000001d5963ebc94 method=java.lang.StringCoding.hasNegatives([BII)Z @ 12 c2
Event: 1.527 Thread 0x000001d58b22d6f0 DEOPT PACKING pc=0x000001d5963ebc94 sp=0x000000261e9fe960
Event: 1.527 Thread 0x000001d58b22d6f0 DEOPT UNPACKING pc=0x000001d595e869a3 sp=0x000000261e9fe908 mode 2
Event: 1.565 Thread 0x000001d58b22d6f0 DEOPT PACKING pc=0x000001d58eafc356 sp=0x000000261e9fdc50
Event: 1.565 Thread 0x000001d58b22d6f0 DEOPT UNPACKING pc=0x000001d595e87143 sp=0x000000261e9fd0d8 mode 0
Event: 1.570 Thread 0x000001d58b22d6f0 Uncommon trap: trap_request=0xffffff45 fr.pc=0x000001d5963da604 relative=0x0000000000000084
Event: 1.570 Thread 0x000001d58b22d6f0 Uncommon trap: reason=unstable_if action=reinterpret pc=0x000001d5963da604 method=java.lang.String.charAt(I)C @ 4 c2
Event: 1.570 Thread 0x000001d58b22d6f0 DEOPT PACKING pc=0x000001d5963da604 sp=0x000000261e9fded0
Event: 1.570 Thread 0x000001d58b22d6f0 DEOPT UNPACKING pc=0x000001d595e869a3 sp=0x000000261e9fde70 mode 2
Event: 1.570 Thread 0x000001d58b22d6f0 Uncommon trap: trap_request=0xffffff45 fr.pc=0x000001d5963edae0 relative=0x0000000000000360
Event: 1.570 Thread 0x000001d58b22d6f0 Uncommon trap: reason=unstable_if action=reinterpret pc=0x000001d5963edae0 method=java.lang.StringUTF16.compress([CI[BII)I @ 20 c2
Event: 1.570 Thread 0x000001d58b22d6f0 DEOPT PACKING pc=0x000001d5963edae0 sp=0x000000261e9fdef0
Event: 1.570 Thread 0x000001d58b22d6f0 DEOPT UNPACKING pc=0x000001d595e869a3 sp=0x000000261e9fde70 mode 2

Classes unloaded (0 events):
No events

Classes redefined (0 events):
No events

Internal exceptions (16 events):
Event: 1.109 Thread 0x000001d58b22d6f0 Exception <a 'java/lang/NoSuchMethodError'{0x00000000886b96d0}: 'java.lang.Object java.lang.invoke.DirectMethodHandle$Holder.invokeStaticInit(java.lang.Object)'> (0x00000000886b96d0) 
thrown [s\src\hotspot\share\interpreter\linkResolver.cpp, line 759]
Event: 1.110 Thread 0x000001d58b22d6f0 Exception <a 'java/lang/NoSuchMethodError'{0x00000000886bfa90}: 'java.lang.Object java.lang.invoke.DirectMethodHandle$Holder.invokeInterface(java.lang.Object, java.lang.Object)'> (0x00000000886bfa90) 
thrown [s\src\hotspot\share\interpreter\linkResolver.cpp, line 759]
Event: 1.129 Thread 0x000001d58b22d6f0 Exception <a 'java/lang/NoSuchMethodError'{0x0000000088540670}: 'void java.lang.invoke.DirectMethodHandle$Holder.invokeSpecial(java.lang.Object, java.lang.Object, java.lang.Object)'> (0x0000000088540670) 
thrown [s\src\hotspot\share\interpreter\linkResolver.cpp, line 759]
Event: 1.130 Thread 0x000001d58b22d6f0 Exception <a 'java/lang/NoSuchMethodError'{0x0000000088547450}: 'void java.lang.invoke.DirectMethodHandle$Holder.invokeStatic(java.lang.Object, java.lang.Object, java.lang.Object)'> (0x0000000088547450) 
thrown [s\src\hotspot\share\interpreter\linkResolver.cpp, line 759]
Event: 1.132 Thread 0x000001d58b22d6f0 Exception <a 'java/lang/NoSuchMethodError'{0x00000000885517b0}: 'java.lang.Object java.lang.invoke.DirectMethodHandle$Holder.invokeVirtual(java.lang.Object, java.lang.Object, java.lang.Object)'> (0x00000000885517b0) 
thrown [s\src\hotspot\share\interpreter\linkResolver.cpp, line 759]
Event: 1.213 Thread 0x000001d58b22d6f0 Exception <a 'java/lang/NoSuchMethodError'{0x00000000882afb48}: 'void java.lang.invoke.DirectMethodHandle$Holder.invokeStatic(java.lang.Object, java.lang.Object)'> (0x00000000882afb48) 
thrown [s\src\hotspot\share\interpreter\linkResolver.cpp, line 759]
Event: 1.287 Thread 0x000001d58b22d6f0 Exception <a 'java/lang/NoSuchMethodError'{0x0000000087fcbd60}: 'void java.lang.invoke.DirectMethodHandle$Holder.invokeStaticInit(java.lang.Object, java.lang.Object)'> (0x0000000087fcbd60) 
thrown [s\src\hotspot\share\interpreter\linkResolver.cpp, line 759]
Event: 1.334 Thread 0x000001d58b22d6f0 Exception <a 'sun/nio/fs/WindowsException'{0x0000000087d70ef8}> (0x0000000087d70ef8) 
thrown [s\src\hotspot\share\prims\jni.cpp, line 516]
Event: 1.344 Thread 0x000001d58b22d6f0 Exception <a 'java/lang/NoSuchMethodError'{0x0000000087d96790}: 'int java.lang.invoke.DirectMethodHandle$Holder.invokeStaticInit(java.lang.Object, java.lang.Object, java.lang.Object, java.lang.Object)'> (0x0000000087d96790) 
thrown [s\src\hotspot\share\interpreter\linkResolver.cpp, line 759]
Event: 1.345 Thread 0x000001d58b22d6f0 Exception <a 'java/lang/IncompatibleClassChangeError'{0x0000000087da00b0}: Found class java.lang.Object, but interface was expected> (0x0000000087da00b0) 
thrown [s\src\hotspot\share\interpreter\linkResolver.cpp, line 826]
Event: 1.345 Thread 0x000001d58b22d6f0 Exception <a 'java/lang/NoSuchMethodError'{0x0000000087da57d0}: 'int java.lang.invoke.DirectMethodHandle$Holder.invokeStaticInit(java.lang.Object, java.lang.Object)'> (0x0000000087da57d0) 
thrown [s\src\hotspot\share\interpreter\linkResolver.cpp, line 759]
Event: 1.376 Thread 0x000001d58b22d6f0 Exception <a 'java/lang/NoSuchMethodError'{0x00000000889af6c8}: 'java.lang.Object java.lang.invoke.DirectMethodHandle$Holder.invokeStaticInit(java.lang.Object, int, int, int, int)'> (0x00000000889af6c8) 
thrown [s\src\hotspot\share\interpreter\linkResolver.cpp, line 759]
Event: 1.394 Thread 0x000001d58b22d6f0 Exception <a 'java/lang/NoSuchMethodError'{0x00000000889ef6c0}: 'java.lang.Object java.lang.invoke.DirectMethodHandle$Holder.invokeStaticInit(java.lang.Object, java.lang.Object, int, int, int, int)'> (0x00000000889ef6c0) 
thrown [s\src\hotspot\share\interpreter\linkResolver.cpp, line 759]
Event: 1.427 Thread 0x000001d58b22d6f0 Exception <a 'java/lang/NoSuchMethodError'{0x00000000888c58a8}: 'int java.lang.invoke.DirectMethodHandle$Holder.invokeSpecial(java.lang.Object, java.lang.Object, java.lang.Object)'> (0x00000000888c58a8) 
thrown [s\src\hotspot\share\interpreter\linkResolver.cpp, line 759]
Event: 1.570 Thread 0x000001d58b22d6f0 Exception <a 'java/io/IOException'{0x0000000088444498}> (0x0000000088444498) 
thrown [s\src\hotspot\share\prims\jni.cpp, line 516]
Event: 1.571 Thread 0x000001d58b22d6f0 Exception <a 'java/lang/NoSuchMethodError'{0x0000000088446b88}: 'void java.lang.invoke.DirectMethodHandle$Holder.invokeInterface(java.lang.Object, java.lang.Object)'> (0x0000000088446b88) 
thrown [s\src\hotspot\share\interpreter\linkResolver.cpp, line 759]

VM Operations (20 events):
Event: 1.204 Executing VM operation: HandshakeAllThreads
Event: 1.204 Executing VM operation: HandshakeAllThreads done
Event: 1.313 Executing VM operation: HandshakeAllThreads
Event: 1.313 Executing VM operation: HandshakeAllThreads done
Event: 1.340 Executing VM operation: HandshakeAllThreads
Event: 1.340 Executing VM operation: HandshakeAllThreads done
Event: 1.359 Executing VM operation: G1CollectForAllocation
Event: 1.363 Executing VM operation: G1CollectForAllocation done
Event: 1.482 Executing VM operation: HandshakeAllThreads
Event: 1.482 Executing VM operation: HandshakeAllThreads done
Event: 2.490 Executing VM operation: Cleanup
Event: 2.490 Executing VM operation: Cleanup done
Event: 60.024 Executing VM operation: HandshakeAllThreads
Event: 60.024 Executing VM operation: HandshakeAllThreads done
Event: 622.205 Executing VM operation: Cleanup
Event: 622.205 Executing VM operation: Cleanup done
Event: 1058.088 Executing VM operation: Cleanup
Event: 1058.088 Executing VM operation: Cleanup done
Event: 1244.068 Executing VM operation: Cleanup
Event: 1244.068 Executing VM operation: Cleanup done

Events (20 events):
Event: 1.569 loading class sun/security/ssl/Alert done
Event: 1.569 loading class sun/security/ssl/Alert$AlertConsumer
Event: 1.569 loading class sun/security/ssl/Alert$AlertConsumer done
Event: 1.569 loading class sun/security/ssl/Alert$Level
Event: 1.569 loading class sun/security/ssl/Alert$Level done
Event: 1.576 loading class java/lang/invoke/BoundMethodHandle$Species_LLLLLL
Event: 1.576 loading class java/lang/invoke/BoundMethodHandle$Species_LLLLLL done
Event: 1.577 loading class java/lang/invoke/BoundMethodHandle$Species_LLLLLLL
Event: 1.577 loading class java/lang/invoke/BoundMethodHandle$Species_LLLLLLL done
Event: 1.578 loading class java/lang/invoke/BoundMethodHandle$Species_LLLLLLLL
Event: 1.578 loading class java/lang/invoke/BoundMethodHandle$Species_LLLLLLLL done
Event: 1.579 loading class java/lang/invoke/BoundMethodHandle$Species_LLLLLLLLL
Event: 1.579 loading class java/lang/invoke/BoundMethodHandle$Species_LLLLLLLLL done
Event: 1.579 loading class java/lang/invoke/LambdaFormEditor$1
Event: 1.579 loading class java/lang/invoke/LambdaFormEditor$1 done
Event: 1.579 loading class java/util/TreeMap$EntrySet
Event: 1.579 loading class java/util/TreeMap$EntrySet done
Event: 1.579 loading class java/util/TreeMap$EntryIterator
Event: 1.579 loading class java/util/TreeMap$EntryIterator done
Event: 6.582 Thread 0x000001d5a90f6110 Thread exited: 0x000001d5a90f6110


Dynamic libraries:
0x00007ff7b56a0000 - 0x00007ff7b56ae000 	C:\javaStudy\eclipse\plugins\org.eclipse.justj.openjdk.hotspot.jre.full.win32.x86_64_17.0.9.v20231028-0858\jre\bin\javaw.exe
0x00007ffbedd70000 - 0x00007ffbedf68000 	C:\Windows\SYSTEM32\ntdll.dll
0x00007ffbed920000 - 0x00007ffbed9dd000 	C:\Windows\System32\KERNEL32.DLL
0x00007ffbeb8c0000 - 0x00007ffbebbb6000 	C:\Windows\System32\KERNELBASE.dll
0x00007ffbebcc0000 - 0x00007ffbebdc0000 	C:\Windows\System32\ucrtbase.dll
0x00007ffbe5630000 - 0x00007ffbe564b000 	C:\javaStudy\eclipse\plugins\org.eclipse.justj.openjdk.hotspot.jre.full.win32.x86_64_17.0.9.v20231028-0858\jre\bin\VCRUNTIME140.dll
0x00007ffbe5610000 - 0x00007ffbe5627000 	C:\javaStudy\eclipse\plugins\org.eclipse.justj.openjdk.hotspot.jre.full.win32.x86_64_17.0.9.v20231028-0858\jre\bin\jli.dll
0x00007ffbebf60000 - 0x00007ffbec0fe000 	C:\Windows\System32\USER32.dll
0x00007ffbeb730000 - 0x00007ffbeb752000 	C:\Windows\System32\win32u.dll
0x00007ffbdaa00000 - 0x00007ffbdac9a000 	C:\Windows\WinSxS\amd64_microsoft.windows.common-controls_6595b64144ccf1df_6.0.19041.3636_none_60b6a03d71f818d5\COMCTL32.dll
0x00007ffbed280000 - 0x00007ffbed2ac000 	C:\Windows\System32\GDI32.dll
0x00007ffbec2d0000 - 0x00007ffbec36e000 	C:\Windows\System32\msvcrt.dll
0x00007ffbeb610000 - 0x00007ffbeb72a000 	C:\Windows\System32\gdi32full.dll
0x00007ffbeb540000 - 0x00007ffbeb5dd000 	C:\Windows\System32\msvcp_win.dll
0x00007ffbec370000 - 0x00007ffbec3a0000 	C:\Windows\System32\IMM32.DLL
0x00007ffbe6d00000 - 0x00007ffbe6d0c000 	C:\javaStudy\eclipse\plugins\org.eclipse.justj.openjdk.hotspot.jre.full.win32.x86_64_17.0.9.v20231028-0858\jre\bin\vcruntime140_1.dll
0x00007ffbb02f0000 - 0x00007ffbb037d000 	C:\javaStudy\eclipse\plugins\org.eclipse.justj.openjdk.hotspot.jre.full.win32.x86_64_17.0.9.v20231028-0858\jre\bin\msvcp140.dll
0x00007ffb86f60000 - 0x00007ffb87bc1000 	C:\javaStudy\eclipse\plugins\org.eclipse.justj.openjdk.hotspot.jre.full.win32.x86_64_17.0.9.v20231028-0858\jre\bin\server\jvm.dll
0x00007ffbec180000 - 0x00007ffbec233000 	C:\Windows\System32\ADVAPI32.dll
0x00007ffbec3a0000 - 0x00007ffbec43f000 	C:\Windows\System32\sechost.dll
0x00007ffbebe20000 - 0x00007ffbebf46000 	C:\Windows\System32\RPCRT4.dll
0x00007ffbeb5e0000 - 0x00007ffbeb607000 	C:\Windows\System32\bcrypt.dll
0x00007ffbeb1f0000 - 0x00007ffbeb23b000 	C:\Windows\SYSTEM32\POWRPROF.dll
0x00007ffbe4f90000 - 0x00007ffbe4f99000 	C:\Windows\SYSTEM32\WSOCK32.dll
0x00007ffbec110000 - 0x00007ffbec17b000 	C:\Windows\System32\WS2_32.dll
0x00007ffbdafe0000 - 0x00007ffbdb007000 	C:\Windows\SYSTEM32\WINMM.dll
0x00007ffbe67a0000 - 0x00007ffbe67aa000 	C:\Windows\SYSTEM32\VERSION.dll
0x00007ffbeb1d0000 - 0x00007ffbeb1e2000 	C:\Windows\SYSTEM32\UMPDC.dll
0x00007ffbe9230000 - 0x00007ffbe9242000 	C:\Windows\SYSTEM32\kernel.appcore.dll
0x00007ffbe5600000 - 0x00007ffbe560a000 	C:\javaStudy\eclipse\plugins\org.eclipse.justj.openjdk.hotspot.jre.full.win32.x86_64_17.0.9.v20231028-0858\jre\bin\jimage.dll
0x00007ffbe5e00000 - 0x00007ffbe5fe4000 	C:\Windows\SYSTEM32\DBGHELP.DLL
0x00007ffbe5ae0000 - 0x00007ffbe5b14000 	C:\Windows\SYSTEM32\dbgcore.DLL
0x00007ffbeb440000 - 0x00007ffbeb4c2000 	C:\Windows\System32\bcryptPrimitives.dll
0x00007ffbdcea0000 - 0x00007ffbdcec5000 	C:\javaStudy\eclipse\plugins\org.eclipse.justj.openjdk.hotspot.jre.full.win32.x86_64_17.0.9.v20231028-0858\jre\bin\java.dll
0x00007ffbe5580000 - 0x00007ffbe5598000 	C:\javaStudy\eclipse\plugins\org.eclipse.justj.openjdk.hotspot.jre.full.win32.x86_64_17.0.9.v20231028-0858\jre\bin\zip.dll
0x00007ffbec910000 - 0x00007ffbed055000 	C:\Windows\System32\SHELL32.dll
0x00007ffbe9510000 - 0x00007ffbe9cab000 	C:\Windows\SYSTEM32\windows.storage.dll
0x00007ffbed2b0000 - 0x00007ffbed604000 	C:\Windows\System32\combase.dll
0x00007ffbeada0000 - 0x00007ffbeadcd000 	C:\Windows\SYSTEM32\Wldp.dll
0x00007ffbedc80000 - 0x00007ffbedd2d000 	C:\Windows\System32\SHCORE.dll
0x00007ffbed060000 - 0x00007ffbed0b5000 	C:\Windows\System32\shlwapi.dll
0x00007ffbeb370000 - 0x00007ffbeb395000 	C:\Windows\SYSTEM32\profapi.dll
0x00007ffbe5050000 - 0x00007ffbe5069000 	C:\javaStudy\eclipse\plugins\org.eclipse.justj.openjdk.hotspot.jre.full.win32.x86_64_17.0.9.v20231028-0858\jre\bin\net.dll
0x00007ffbe6040000 - 0x00007ffbe614a000 	C:\Windows\SYSTEM32\WINHTTP.dll
0x00007ffbeab00000 - 0x00007ffbeab6a000 	C:\Windows\system32\mswsock.dll
0x00007ffbdd7e0000 - 0x00007ffbdd7f6000 	C:\javaStudy\eclipse\plugins\org.eclipse.justj.openjdk.hotspot.jre.full.win32.x86_64_17.0.9.v20231028-0858\jre\bin\nio.dll
0x00007ffbe6c20000 - 0x00007ffbe6c2e000 	C:\javaStudy\eclipse\plugins\org.eclipse.justj.openjdk.hotspot.jre.full.win32.x86_64_17.0.9.v20231028-0858\jre\bin\sunmscapi.dll
0x00007ffbeb760000 - 0x00007ffbeb8bd000 	C:\Windows\System32\CRYPT32.dll
0x00007ffbeae10000 - 0x00007ffbeae38000 	C:\Windows\SYSTEM32\ncrypt.dll
0x00007ffbeadd0000 - 0x00007ffbeae0b000 	C:\Windows\SYSTEM32\NTASN1.dll
0x00007ffbead00000 - 0x00007ffbead18000 	C:\Windows\SYSTEM32\CRYPTSP.dll
0x00007ffbea430000 - 0x00007ffbea464000 	C:\Windows\system32\rsaenh.dll
0x00007ffbeb330000 - 0x00007ffbeb35e000 	C:\Windows\SYSTEM32\USERENV.dll
0x00007ffbeacf0000 - 0x00007ffbeacfc000 	C:\Windows\SYSTEM32\CRYPTBASE.dll
0x00007ffbea7f0000 - 0x00007ffbea82b000 	C:\Windows\SYSTEM32\IPHLPAPI.DLL
0x00007ffbec100000 - 0x00007ffbec108000 	C:\Windows\System32\NSI.dll
0x00007ffbe6ba0000 - 0x00007ffbe6bb7000 	C:\Windows\SYSTEM32\dhcpcsvc6.DLL
0x00007ffbe6b80000 - 0x00007ffbe6b9d000 	C:\Windows\SYSTEM32\dhcpcsvc.DLL
0x00007ffbea830000 - 0x00007ffbea8fa000 	C:\Windows\SYSTEM32\DNSAPI.dll

dbghelp: loaded successfully - version: 4.0.5 - missing functions: none
symbol engine: initialized successfully - sym options: 0x614 - pdb path: .;C:\javaStudy\eclipse\plugins\org.eclipse.justj.openjdk.hotspot.jre.full.win32.x86_64_17.0.9.v20231028-0858\jre\bin;C:\Windows\SYSTEM32;C:\Windows\WinSxS\amd64_microsoft.windows.common-controls_6595b64144ccf1df_6.0.19041.3636_none_60b6a03d71f818d5;C:\javaStudy\eclipse\plugins\org.eclipse.justj.openjdk.hotspot.jre.full.win32.x86_64_17.0.9.v20231028-0858\jre\bin\server

VM Arguments:
jvm_args: -Dfile.encoding=UTF-8 -Dstdout.encoding=UTF-8 -Dstderr.encoding=UTF-8 -XX:+ShowCodeDetailsInExceptionMessages 
java_command: work_admin.WorkApp
java_class_path (initial): C:\javaStudy\workspace\work_admin\bin;C:\Program Files\MySQL\mysql-connector-j-8.3.0.jar
Launcher Type: SUN_STANDARD

[Global flags]
     intx CICompilerCount                          = 3                                         {product} {ergonomic}
     uint ConcGCThreads                            = 1                                         {product} {ergonomic}
     uint G1ConcRefinementThreads                  = 4                                         {product} {ergonomic}
   size_t G1HeapRegionSize                         = 1048576                                   {product} {ergonomic}
    uintx GCDrainStackTargetSize                   = 64                                        {product} {ergonomic}
   size_t InitialHeapSize                          = 134217728                                 {product} {ergonomic}
   size_t MarkStackSize                            = 4194304                                   {product} {ergonomic}
   size_t MaxHeapSize                              = 2136997888                                {product} {ergonomic}
   size_t MaxNewSize                               = 1281359872                                {product} {ergonomic}
   size_t MinHeapDeltaBytes                        = 1048576                                   {product} {ergonomic}
   size_t MinHeapSize                              = 8388608                                   {product} {ergonomic}
    uintx NonNMethodCodeHeapSize                   = 5832780                                {pd product} {ergonomic}
    uintx NonProfiledCodeHeapSize                  = 122912730                              {pd product} {ergonomic}
    uintx ProfiledCodeHeapSize                     = 122912730                              {pd product} {ergonomic}
    uintx ReservedCodeCacheSize                    = 251658240                              {pd product} {ergonomic}
     bool SegmentedCodeCache                       = true                                      {product} {ergonomic}
     bool ShowCodeDetailsInExceptionMessages       = true                                   {manageable} {command line}
   size_t SoftMaxHeapSize                          = 2136997888                             {manageable} {ergonomic}
     bool UseCompressedClassPointers               = true                           {product lp64_product} {ergonomic}
     bool UseCompressedOops                        = true                           {product lp64_product} {ergonomic}
     bool UseG1GC                                  = true                                      {product} {ergonomic}
     bool UseLargePagesIndividualAllocation        = false                                  {pd product} {ergonomic}

Logging:
Log output configuration:
 #0: stdout all=warning uptime,level,tags
 #1: stderr all=off uptime,level,tags

Environment Variables:
PATH=C:/javaStudy/eclipse//plugins/org.eclipse.justj.openjdk.hotspot.jre.full.win32.x86_64_17.0.9.v20231028-0858/jre/bin/server;C:/javaStudy/eclipse//plugins/org.eclipse.justj.openjdk.hotspot.jre.full.win32.x86_64_17.0.9.v20231028-0858/jre/bin;C:\Program Files\Java\jdk-17\bin;C:\Program Files\Common Files\Oracle\Java\javapath;C:\Windows\system32;C:\Windows;C:\Windows\System32\Wbem;C:\Windows\System32\WindowsPowerShell\v1.0\;C:\Windows\System32\OpenSSH\;C:\Program Files\Bandizip\;C:\Program Files\MySQL\MySQL Shell 8.0\bin\;C:\Users\806-01\AppData\Local\Microsoft\WindowsApps;;C:\Users\806-01\AppData\Local\Programs\Microsoft VS Code\bin;C:\javaStudy\eclipse;
USERNAME=806-01
OS=Windows_NT
PROCESSOR_IDENTIFIER=Intel64 Family 6 Model 158 Stepping 9, GenuineIntel
TMP=C:\Users\806-01\AppData\Local\Temp
TEMP=C:\Users\806-01\AppData\Local\Temp



Periodic native trim disabled


---------------  S Y S T E M  ---------------

OS:
 Windows 10 , 64 bit Build 19041 (10.0.19041.3636)
OS uptime: 20 days 9:17 hours

CPU: total 4 (initial active 4) (4 cores per cpu, 1 threads per core) family 6 model 158 stepping 9 microcode 0xb4, cx8, cmov, fxsr, mmx, 3dnowpref, sse, sse2, sse3, ssse3, sse4.1, sse4.2, popcnt, lzcnt, tsc, tscinvbit, avx, avx2, aes, erms, clmul, bmi1, bmi2, rtm, adx, fma, vzeroupper, clflush, clflushopt
Processor Information for all 4 processors :
  Max Mhz: 3401, Current Mhz: 3401, Mhz Limit: 3401

Memory: 4k page, system-wide physical 8150M (1843M free)
TotalPageFile size 22384M (AvailPageFile size 5M)
current process WorkingSet (physical memory assigned to process): 64M, peak: 80M
current process commit charge ("private bytes"): 220M, peak: 224M

vm_info: OpenJDK 64-Bit Server VM (17.0.9+9) for windows-amd64 JRE (17.0.9+9), built on Oct 26 2023 14:01:42 by "admin" with MS VC++ 16.10 / 16.11 (VS2019)

END.
